[    0.000000] Initializing cgroup subsys cpuset
[    0.000000] Initializing cgroup subsys cpu
[    0.000000] Initializing cgroup subsys cpuacct
[    0.000000] Linux version 4.4.0-190-generic (buildd@lcy01-amd64-026) (gcc version 5.4.0 20160609 (Ubuntu 5.4.0-6ubuntu1~16.04.12) ) #220-Ubuntu SMP Fri Aug 28 23:02:15 UTC 2020 (Ubuntu 4.4.0-190.220-generic 4.4.233)
[    0.000000] Command line: BOOT_IMAGE=/boot/vmlinuz-4.4.0-190-generic root=LABEL=cloudimg-rootfs ro console=tty1 console=ttyS0
[    0.000000] KERNEL supported cpus:
[    0.000000]   Intel GenuineIntel
[    0.000000]   AMD AuthenticAMD
[    0.000000]   Centaur CentaurHauls
[    0.000000] [Firmware Bug]: TSC doesn't count with P0 frequency!
[    0.000000] x86/fpu: xstate_offset[2]:  576, xstate_sizes[2]:  256
[    0.000000] x86/fpu: Supporting XSAVE feature 0x01: 'x87 floating point registers'
[    0.000000] x86/fpu: Supporting XSAVE feature 0x02: 'SSE registers'
[    0.000000] x86/fpu: Supporting XSAVE feature 0x04: 'AVX registers'
[    0.000000] x86/fpu: Enabled xstate features 0x7, context size is 832 bytes, using 'standard' format.
[    0.000000] e820: BIOS-provided physical RAM map:
[    0.000000] BIOS-e820: [mem 0x0000000000000000-0x000000000009fbff] usable
[    0.000000] BIOS-e820: [mem 0x000000000009fc00-0x000000000009ffff] reserved
[    0.000000] BIOS-e820: [mem 0x00000000000f0000-0x00000000000fffff] reserved
[    0.000000] BIOS-e820: [mem 0x0000000000100000-0x000000003ffeffff] usable
[    0.000000] BIOS-e820: [mem 0x000000003fff0000-0x000000003fffffff] ACPI data
[    0.000000] BIOS-e820: [mem 0x00000000fec00000-0x00000000fec00fff] reserved
[    0.000000] BIOS-e820: [mem 0x00000000fee00000-0x00000000fee00fff] reserved
[    0.000000] BIOS-e820: [mem 0x00000000fffc0000-0x00000000ffffffff] reserved
[    0.000000] NX (Execute Disable) protection: active
[    0.000000] SMBIOS 2.5 present.
[    0.000000] Hypervisor detected: KVM
[    0.000000] Kernel/User page tables isolation: disabled
[    0.000000] AGP: No AGP bridge found
[    0.000000] e820: last_pfn = 0x3fff0 max_arch_pfn = 0x400000000
[    0.000000] MTRR: Disabled
[    0.000000] x86/PAT: MTRRs disabled, skipping PAT initialization too.
[    0.000000] CPU MTRRs all blank - virtualized system.
[    0.000000] x86/PAT: Configuration [0-7]: WB  WT  UC- UC  WB  WT  UC- UC  
[    0.000000] found SMP MP-table at [mem 0x0009fff0-0x0009ffff] mapped at [ffff88000009fff0]
[    0.000000] Scanning 1 areas for low memory corruption
[    0.000000] RAMDISK: [mem 0x362de000-0x37166fff]
[    0.000000] ACPI: Early table checksum verification disabled
[    0.000000] ACPI: RSDP 0x00000000000E0000 000024 (v02 VBOX  )
[    0.000000] ACPI: XSDT 0x000000003FFF0030 00003C (v01 VBOX   VBOXXSDT 00000001 ASL  00000061)
[    0.000000] ACPI: FACP 0x000000003FFF00F0 0000F4 (v04 VBOX   VBOXFACP 00000001 ASL  00000061)
[    0.000000] ACPI: DSDT 0x000000003FFF0470 002325 (v02 VBOX   VBOXBIOS 00000002 INTL 20190509)
[    0.000000] ACPI: FACS 0x000000003FFF0200 000040
[    0.000000] ACPI: FACS 0x000000003FFF0200 000040
[    0.000000] ACPI: APIC 0x000000003FFF0240 00005C (v02 VBOX   VBOXAPIC 00000001 ASL  00000061)
[    0.000000] ACPI: SSDT 0x000000003FFF02A0 0001CC (v01 VBOX   VBOXCPUT 00000002 INTL 20190509)
[    0.000000] No NUMA configuration found
[    0.000000] Faking a node at [mem 0x0000000000000000-0x000000003ffeffff]
[    0.000000] NODE_DATA(0) allocated [mem 0x3ffeb000-0x3ffeffff]
[    0.000000] kvm-clock: Using msrs 4b564d01 and 4b564d00
[    0.000000] kvm-clock: cpu 0, msr 0:3ffe3001, primary cpu clock
[    0.000000] kvm-clock: using sched offset of 3804616516 cycles
[    0.000000] clocksource: kvm-clock: mask: 0xffffffffffffffff max_cycles: 0x1cd42e4dffb, max_idle_ns: 881590591483 ns
[    0.000000] Zone ranges:
[    0.000000]   DMA      [mem 0x0000000000001000-0x0000000000ffffff]
[    0.000000]   DMA32    [mem 0x0000000001000000-0x000000003ffeffff]
[    0.000000]   Normal   empty
[    0.000000]   Device   empty
[    0.000000] Movable zone start for each node
[    0.000000] Early memory node ranges
[    0.000000]   node   0: [mem 0x0000000000001000-0x000000000009efff]
[    0.000000]   node   0: [mem 0x0000000000100000-0x000000003ffeffff]
[    0.000000] Initmem setup node 0 [mem 0x0000000000001000-0x000000003ffeffff]
[    0.000000] ACPI: PM-Timer IO Port: 0x4008
[    0.000000] IOAPIC[0]: apic_id 2, version 32, address 0xfec00000, GSI 0-23
[    0.000000] ACPI: INT_SRC_OVR (bus 0 bus_irq 0 global_irq 2 dfl dfl)
[    0.000000] ACPI: INT_SRC_OVR (bus 0 bus_irq 9 global_irq 9 low level)
[    0.000000] Using ACPI (MADT) for SMP configuration information
[    0.000000] smpboot: Allowing 2 CPUs, 0 hotplug CPUs
[    0.000000] PM: Registered nosave memory: [mem 0x00000000-0x00000fff]
[    0.000000] PM: Registered nosave memory: [mem 0x0009f000-0x0009ffff]
[    0.000000] PM: Registered nosave memory: [mem 0x000a0000-0x000effff]
[    0.000000] PM: Registered nosave memory: [mem 0x000f0000-0x000fffff]
[    0.000000] e820: [mem 0x40000000-0xfebfffff] available for PCI devices
[    0.000000] Booting paravirtualized kernel on KVM
[    0.000000] clocksource: refined-jiffies: mask: 0xffffffff max_cycles: 0xffffffff, max_idle_ns: 7645519600211568 ns
[    0.000000] setup_percpu: NR_CPUS:512 nr_cpumask_bits:512 nr_cpu_ids:2 nr_node_ids:1
[    0.000000] PERCPU: Embedded 33 pages/cpu @ffff88003fc00000 s95512 r8192 d31464 u1048576
[    0.000000] Built 1 zonelists in Node order, mobility grouping on.  Total pages: 257912
[    0.000000] Policy zone: DMA32
[    0.000000] Kernel command line: BOOT_IMAGE=/boot/vmlinuz-4.4.0-190-generic root=LABEL=cloudimg-rootfs ro console=tty1 console=ttyS0
[    0.000000] PID hash table entries: 4096 (order: 3, 32768 bytes)
[    0.000000] AGP: Checking aperture...
[    0.000000] AGP: No AGP bridge found
[    0.000000] Memory: 997660K/1048120K available (8636K kernel code, 1337K rwdata, 4040K rodata, 1492K init, 1296K bss, 50460K reserved, 0K cma-reserved)
[    0.000000] SLUB: HWalign=64, Order=0-3, MinObjects=0, CPUs=2, Nodes=1
[    0.000000] Hierarchical RCU implementation.
[    0.000000] 	Build-time adjustment of leaf fanout to 64.
[    0.000000] 	RCU restricting CPUs from NR_CPUS=512 to nr_cpu_ids=2.
[    0.000000] RCU: Adjusting geometry for rcu_fanout_leaf=64, nr_cpu_ids=2
[    0.000000] NR_IRQS:33024 nr_irqs:440 16
[    0.000000] Console: colour VGA+ 80x25
[    0.000000] console [tty1] enabled
[    0.000000] console [ttyS0] enabled
[    0.000000] tsc: Detected 3511.738 MHz processor
[    0.178584] Calibrating delay loop (skipped) preset value.. 7023.47 BogoMIPS (lpj=14046952)
[    0.180422] pid_max: default: 32768 minimum: 301
[    0.181420] ACPI: Core revision 20150930
[    0.183230] ACPI: 2 ACPI AML tables successfully acquired and loaded
[    0.184581] Security Framework initialized
[    0.185531] Yama: becoming mindful.
[    0.186404] AppArmor: AppArmor initialized
[    0.187449] Dentry cache hash table entries: 131072 (order: 8, 1048576 bytes)
[    0.189099] Inode-cache hash table entries: 65536 (order: 7, 524288 bytes)
[    0.191757] Mount-cache hash table entries: 2048 (order: 2, 16384 bytes)
[    0.193130] Mountpoint-cache hash table entries: 2048 (order: 2, 16384 bytes)
[    0.196931] Initializing cgroup subsys io
[    0.198524] Initializing cgroup subsys memory
[    0.199501] Initializing cgroup subsys devices
[    0.200447] Initializing cgroup subsys freezer
[    0.201457] Initializing cgroup subsys net_cls
[    0.202476] Initializing cgroup subsys perf_event
[    0.203488] Initializing cgroup subsys net_prio
[    0.204457] Initializing cgroup subsys hugetlb
[    0.205396] Initializing cgroup subsys pids
[    0.206442] mce: CPU supports 0 MCE banks
[    0.207391] Last level iTLB entries: 4KB 512, 2MB 1024, 4MB 512
[    0.208654] Last level dTLB entries: 4KB 1024, 2MB 1024, 4MB 512, 1GB 0
[    0.210001] Spectre V1 : Mitigation: usercopy/swapgs barriers and __user pointer sanitization
[    0.211894] Spectre V2 : Spectre mitigation: LFENCE not serializing, switching to generic retpoline
[    0.213844] Spectre V2 : Mitigation: Full generic retpoline
[    0.215039] Spectre V2 : Spectre v2 / SpectreRSB mitigation: Filling RSB on context switch
[    0.216842] Speculative Store Bypass: Mitigation: Speculative Store Bypass disabled via prctl and seccomp
[    0.221591] Freeing SMP alternatives memory: 36K
[    0.229129] ftrace: allocating 32339 entries in 127 pages
[    0.289796] smpboot: APIC(0) Converting physical 0 to logical package 0
[    0.291235] smpboot: Max logical packages: 1
[    0.292479] x2apic enabled
[    0.293488] Switched APIC routing to physical x2apic.
[    0.295930] ..TIMER: vector=0x30 apic1=0 pin1=2 apic2=-1 pin2=-1
[    0.405259] APIC calibration not consistent with PM-Timer: 98ms instead of 100ms
[    0.407009] APIC delta adjusted to PM-Timer: 6225340 (6122087)
[    0.408580] smpboot: CPU0: AMD FX(tm)-8320 Eight-Core Processor (family: 0x15, model: 0x2, stepping: 0x0)
[    0.410954] Performance Events: Broken PMU hardware detected, using software events only.
[    0.412835] Failed to access perfctr msr (MSR c0010007 is 0)
[    0.425110] KVM setup paravirtual spinlock
[    0.427241] x86: Booting SMP configuration:
[    0.428390] .... node  #0, CPUs:      #1
[    0.429806] kvm-clock: cpu 1, msr 0:3ffe3041, secondary cpu clock
[    0.431890] mce: CPU supports 0 MCE banks
[    0.435065] x86: Booted up 1 node, 2 CPUs
[    0.436466] smpboot: Total of 2 processors activated (14046.95 BogoMIPS)
[    0.438569] devtmpfs: initialized
[    0.441699] evm: security.selinux
[    0.442604] evm: security.SMACK64
[    0.443392] evm: security.SMACK64EXEC
[    0.444226] evm: security.SMACK64TRANSMUTE
[    0.445148] evm: security.SMACK64MMAP
[    0.446009] evm: security.ima
[    0.446837] evm: security.capability
[    0.448992] clocksource: jiffies: mask: 0xffffffff max_cycles: 0xffffffff, max_idle_ns: 7645041785100000 ns
[    0.451304] futex hash table entries: 512 (order: 3, 32768 bytes)
[    0.452844] pinctrl core: initialized pinctrl subsystem
[    0.454164] RTC time:  0:52:47, date: 09/28/20
[    0.455472] NET: Registered protocol family 16
[    0.467154] cpuidle: using governor ladder
[    0.479267] cpuidle: using governor menu
[    0.481713] PCCT header not found.
[    0.484701] ACPI: bus type PCI registered
[    0.486582] acpiphp: ACPI Hot Plug PCI Controller Driver version: 0.5
[    0.487987] PCI: Using configuration type 1 for base access
[    0.489097] PCI: Using configuration type 1 for extended access
[    0.503225] ACPI: Added _OSI(Module Device)
[    0.504329] ACPI: Added _OSI(Processor Device)
[    0.505457] ACPI: Added _OSI(3.0 _SCP Extensions)
[    0.507358] ACPI: Added _OSI(Processor Aggregator Device)
[    0.512721] ACPI: Executed 1 blocks of module-level executable AML code
[    0.518088] ACPI: Interpreter enabled
[    0.519068] ACPI: (supports S0 S5)
[    0.519968] ACPI: Using IOAPIC for interrupt routing
[    0.521292] PCI: Using host bridge windows from ACPI; if necessary, use "pci=nocrs" and report a bug
[    0.528115] ACPI: PCI Root Bridge [PCI0] (domain 0000 [bus 00-ff])
[    0.529569] acpi PNP0A03:00: _OSC: OS supports [ExtendedConfig ASPM ClockPM Segments MSI]
[    0.532469] acpi PNP0A03:00: _OSC: platform does not support [PCIeCapability]
[    0.534447] acpi PNP0A03:00: _OSC: not requesting control; platform does not support [PCIeCapability]
[    0.536577] acpi PNP0A03:00: _OSC: OS requested [PCIeHotplug PME AER PCIeCapability]
[    0.551096] acpi PNP0A03:00: _OSC: platform willing to grant [PCIeHotplug PME AER]
[    0.553083] acpi PNP0A03:00: _OSC failed (AE_SUPPORT); disabling ASPM
[    0.554891] PCI host bridge to bus 0000:00
[    0.556015] pci_bus 0000:00: root bus resource [io  0x0000-0x0cf7 window]
[    0.557569] pci_bus 0000:00: root bus resource [io  0x0d00-0xffff window]
[    0.559057] pci_bus 0000:00: root bus resource [mem 0x000a0000-0x000bffff window]
[    0.560886] pci_bus 0000:00: root bus resource [mem 0x40000000-0xfdffffff window]
[    0.562708] pci_bus 0000:00: root bus resource [bus 00-ff]
[    0.565756] pci 0000:00:01.1: legacy IDE quirk: reg 0x10: [io  0x01f0-0x01f7]
[    0.567378] pci 0000:00:01.1: legacy IDE quirk: reg 0x14: [io  0x03f6]
[    0.568809] pci 0000:00:01.1: legacy IDE quirk: reg 0x18: [io  0x0170-0x0177]
[    0.570322] pci 0000:00:01.1: legacy IDE quirk: reg 0x1c: [io  0x0376]
[    0.596146] pci 0000:00:07.0: quirk: [io  0x4000-0x403f] claimed by PIIX4 ACPI
[    0.598055] pci 0000:00:07.0: quirk: [io  0x4100-0x410f] claimed by PIIX4 SMB
[    0.610578] ACPI: PCI Interrupt Link [LNKA] (IRQs 5 9 10 *11)
[    0.612746] ACPI: PCI Interrupt Link [LNKB] (IRQs 5 9 *10 11)
[    0.614566] ACPI: PCI Interrupt Link [LNKC] (IRQs 5 *9 10 11)
[    0.616380] ACPI: PCI Interrupt Link [LNKD] (IRQs 5 9 10 *11)
[    0.618300] ACPI: Enabled 2 GPEs in block 00 to 07
[    0.620157] vgaarb: setting as boot device: PCI:0000:00:02.0
[    0.621386] vgaarb: device added: PCI:0000:00:02.0,decodes=io+mem,owns=io+mem,locks=none
[    0.623367] vgaarb: loaded
[    0.624207] vgaarb: bridge control possible 0000:00:02.0
[    0.625815] SCSI subsystem initialized
[    0.627043] ACPI: bus type USB registered
[    0.628081] usbcore: registered new interface driver usbfs
[    0.629391] usbcore: registered new interface driver hub
[    0.630668] usbcore: registered new device driver usb
[    0.632254] PCI: Using ACPI for IRQ routing
[    0.633648] NetLabel: Initializing
[    0.634641] NetLabel:  domain hash size = 128
[    0.635701] NetLabel:  protocols = UNLABELED CIPSOv4
[    0.636904] NetLabel:  unlabeled traffic allowed by default
[    0.638508] amd_nb: Cannot enumerate AMD northbridges
[    0.639757] clocksource: Switched to clocksource kvm-clock
[    0.652664] AppArmor: AppArmor Filesystem Enabled
[    0.654003] pnp: PnP ACPI init
[    0.655844] pnp: PnP ACPI: found 3 devices
[    0.668939] clocksource: acpi_pm: mask: 0xffffff max_cycles: 0xffffff, max_idle_ns: 2085701024 ns
[    0.670982] NET: Registered protocol family 2
[    0.672293] TCP established hash table entries: 8192 (order: 4, 65536 bytes)
[    0.673725] TCP bind hash table entries: 8192 (order: 5, 131072 bytes)
[    0.675068] TCP: Hash tables configured (established 8192 bind 8192)
[    0.676397] UDP hash table entries: 512 (order: 2, 16384 bytes)
[    0.677600] UDP-Lite hash table entries: 512 (order: 2, 16384 bytes)
[    0.680142] NET: Registered protocol family 1
[    0.681177] pci 0000:00:00.0: Limiting direct PCI/PCI transfers
[    0.682396] pci 0000:00:01.0: Activating ISA DMA hang workarounds
[    0.683839] Unpacking initramfs...
[    0.939450] Freeing initrd memory: 14884K
[    0.940851] clocksource: tsc: mask: 0xffffffffffffffff max_cycles: 0x329ea17df1c, max_idle_ns: 440795291786 ns
[    0.943198] platform rtc_cmos: registered platform RTC device (no PNP device found)
[    0.945495] Scanning for low memory corruption every 60 seconds
[    0.947836] audit: initializing netlink subsys (disabled)
[    0.949257] audit: type=2000 audit(1601254372.594:1): initialized
[    0.950964] Initialise system trusted keyring
[    0.952279] HugeTLB registered 2 MB page size, pre-allocated 0 pages
[    0.955854] zbud: loaded
[    0.957047] VFS: Disk quotas dquot_6.6.0
[    0.958178] VFS: Dquot-cache hash table entries: 512 (order 0, 4096 bytes)
[    0.960113] squashfs: version 4.0 (2009/01/31) Phillip Lougher
[    0.962250] fuse init (API version 7.23)
[    0.963467] Key type big_key registered
[    0.964601] Allocating IMA MOK and blacklist keyrings.
[    0.969009] Key type asymmetric registered
[    0.970213] Asymmetric key parser 'x509' registered
[    0.971389] Block layer SCSI generic (bsg) driver version 0.4 loaded (major 249)
[    0.973208] io scheduler noop registered
[    0.974072] io scheduler deadline registered (default)
[    0.975220] io scheduler cfq registered
[    0.976361] pci_hotplug: PCI Hot Plug PCI Core version: 0.5
[    0.977933] pciehp: PCI Express Hot Plug Controller Driver version: 0.4
[    0.979751] ACPI: AC Adapter [AC] (on-line)
[    0.981011] input: Power Button as /devices/LNXSYSTM:00/LNXPWRBN:00/input/input0
[    0.983093] ACPI: Power Button [PWRF]
[    0.984212] input: Sleep Button as /devices/LNXSYSTM:00/LNXSLPBN:00/input/input1
[    0.986311] ACPI: Sleep Button [SLPF]
[    0.987761] GHES: HEST is not enabled!
[    0.989093] Serial: 8250/16550 driver, 32 ports, IRQ sharing enabled
[    1.011182] 00:02: ttyS0 at I/O 0x3f8 (irq = 4, base_baud = 115200) is a 16550A
[    1.017364] Linux agpgart interface v0.103
[    1.021406] loop: module loaded
[    1.023129] scsi host0: ata_piix
[    1.025991] scsi host1: ata_piix
[    1.028214] ata1: PATA max UDMA/33 cmd 0x1f0 ctl 0x3f6 bmdma 0xd000 irq 14
[    1.031442] ata2: PATA max UDMA/33 cmd 0x170 ctl 0x376 bmdma 0xd008 irq 15
[    1.034523] libphy: Fixed MDIO Bus: probed
[    1.035548] tun: Universal TUN/TAP device driver, 1.6
[    1.036740] tun: (C) 1999-2004 Max Krasnyansky <maxk@qualcomm.com>
[    1.038318] PPP generic driver version 2.4.2
[    1.039460] ehci_hcd: USB 2.0 'Enhanced' Host Controller (EHCI) Driver
[    1.040808] ehci-pci: EHCI PCI platform driver
[    1.041816] ehci-platform: EHCI generic platform driver
[    1.042949] ohci_hcd: USB 1.1 'Open' Host Controller (OHCI) Driver
[    1.044331] ohci-pci: OHCI PCI platform driver
[    1.045330] ohci-platform: OHCI generic platform driver
[    1.046479] uhci_hcd: USB Universal Host Controller Interface driver
[    1.047976] i8042: PNP: PS/2 Controller [PNP0303:PS2K,PNP0f03:PS2M] at 0x60,0x64 irq 1,12
[    1.050569] serio: i8042 KBD port at 0x60,0x64 irq 1
[    1.051819] serio: i8042 AUX port at 0x60,0x64 irq 12
[    1.053467] mousedev: PS/2 mouse device common for all mice
[    1.055303] input: AT Translated Set 2 keyboard as /devices/platform/i8042/serio0/input/input2
[    1.057651] rtc_cmos rtc_cmos: rtc core: registered rtc_cmos as rtc0
[    1.059004] rtc_cmos rtc_cmos: alarms up to one day, 114 bytes nvram
[    1.060336] i2c /dev entries driver
[    1.061244] device-mapper: uevent: version 1.0.3
[    1.062438] device-mapper: ioctl: 4.34.0-ioctl (2015-10-28) initialised: dm-devel@redhat.com
[    1.064377] ledtrig-cpu: registered to indicate activity on CPUs
[    1.066383] x86/pm: family 0x15 cpu detected, MSR saving is needed during suspending.
[    1.072292] NET: Registered protocol family 10
[    1.075099] NET: Registered protocol family 17
[    1.077703] Key type dns_resolver registered
[    1.081483] registered taskstats version 1
[    1.084262] Loading compiled-in X.509 certificates
[    1.089692] Loaded X.509 cert 'Build time autogenerated kernel key: b89e9ea735e1dbde81c7786f041ecf1d53e71c2e'
[    1.092095] zswap: loaded using pool lzo/zbud
[    1.097797] Key type trusted registered
[    1.104881] Key type encrypted registered
[    1.105845] AppArmor: AppArmor sha1 policy hashing enabled
[    1.106978] ima: No TPM chip found, activating TPM-bypass!
[    1.108151] ima: Allocated hash algorithm: sha1
[    1.109153] evm: HMAC attrs: 0x1
[    1.110224]   Magic number: 4:459:861
[    1.111175] rtc_cmos rtc_cmos: setting system clock to 2020-09-28 00:52:47 UTC (1601254367)
[    1.113148] BIOS EDD facility v0.16 2004-Jun-25, 0 devices found
[    1.114375] EDD information not available.
[    1.219060] Freeing unused kernel memory: 1492K
[    1.222085] Write protecting the kernel read-only data: 14336k
[    1.226929] Freeing unused kernel memory: 1592K
[    1.228223] Freeing unused kernel memory: 56K
Loading, please wait...
starting version 229
[    1.259191] random: udevadm: uninitialized urandom read (16 bytes read, 2 bits of entropy available)
[    1.259323] random: systemd-udevd: uninitialized urandom read (16 bytes read, 2 bits of entropy available)
[    1.259542] random: systemd-udevd: uninitialized urandom read (16 bytes read, 2 bits of entropy available)
[    1.259573] random: systemd-udevd: uninitialized urandom read (16 bytes read, 2 bits of entropy available)
[    1.259616] random: systemd-udevd: uninitialized urandom read (16 bytes read, 2 bits of entropy available)
[    1.268679] random: udevadm: uninitialized urandom read (16 bytes read, 2 bits of entropy available)
[    1.280452] random: systemd-udevd: uninitialized urandom read (16 bytes read, 2 bits of entropy available)
[    1.284434] random: udevadm: uninitialized urandom read (16 bytes read, 2 bits of entropy available)
[    1.284483] random: udevadm: uninitialized urandom read (16 bytes read, 2 bits of entropy available)
[    1.284657] random: udevadm: uninitialized urandom read (16 bytes read, 2 bits of entropy available)
[    1.336458] e1000: Intel(R) PRO/1000 Network Driver - version 7.3.21-k8-NAPI
[    1.338209] e1000: Copyright (c) 1999-2006 Intel Corporation.
[    1.347410] Fusion MPT base driver 3.04.20
[    1.348529] Copyright (c) 1999-2008 LSI Corporation
[    1.355574] Fusion MPT SPI Host driver 3.04.20
[    1.369163] AVX version of gcm_enc/dec engaged.
[    1.370332] AES CTR mode by8 optimization enabled
[    1.552478] input: ImExPS/2 Generic Explorer Mouse as /devices/platform/i8042/serio1/input/input4
[    1.702437] e1000 0000:00:03.0 eth0: (PCI:33MHz:32-bit) 02:8a:e9:cd:da:1d
[    1.703816] e1000 0000:00:03.0 eth0: Intel(R) PRO/1000 Network Connection
[    1.718377] mptbase: ioc0: Initiating bringup
[    1.718667] e1000 0000:00:03.0 enp0s3: renamed from eth0
[    1.976494] ioc0: LSI53C1030 A0: Capabilities={Initiator}
[    3.107515] scsi host2: ioc0: LSI53C1030 A0, FwRev=00000000h, Ports=1, MaxQ=256, IRQ=20
[    3.224737] scsi 2:0:0:0: Direct-Access     VBOX     HARDDISK         1.0  PQ: 0 ANSI: 5
[    3.230043] scsi target2:0:0: Beginning Domain Validation
[    3.235176] scsi target2:0:0: Domain Validation skipping write tests
[    3.238314] scsi target2:0:0: Ending Domain Validation
[    3.239730] scsi target2:0:0: asynchronous
[    3.241286] scsi 2:0:1:0: Direct-Access     VBOX     HARDDISK         1.0  PQ: 0 ANSI: 5
[    3.243267] scsi target2:0:1: Beginning Domain Validation
[    3.245916] scsi target2:0:1: Domain Validation skipping write tests
[    3.247448] scsi target2:0:1: Ending Domain Validation
[    3.248609] scsi target2:0:1: asynchronous
[    3.256803] sd 2:0:0:0: Attached scsi generic sg0 type 0
[    3.256956] sd 2:0:0:0: [sda] 20971520 512-byte logical blocks: (10.7 GB/10.0 GiB)
[    3.257657] sd 2:0:0:0: [sda] Write Protect is off
[    3.257801] sd 2:0:0:0: [sda] Incomplete mode parameter data
[    3.257803] sd 2:0:0:0: [sda] Assuming drive cache: write through
[    3.259272]  sda: sda1
[    3.261247] sd 2:0:0:0: [sda] Attached SCSI disk
[    3.267732] sd 2:0:1:0: [sdb] 20480 512-byte logical blocks: (10.5 MB/10.0 MiB)
[    3.269718] sd 2:0:1:0: Attached scsi generic sg1 type 0
[    3.270867] sd 2:0:1:0: [sdb] Write Protect is off
[    3.272256] sd 2:0:1:0: [sdb] Incomplete mode parameter data
[    3.273571] sd 2:0:1:0: [sdb] Assuming drive cache: write through
[    3.311453] sd 2:0:1:0: [sdb] Attached SCSI disk
Begin: Loading essential drivers ... [    4.877304] md: linear personality registered for level -1
[    4.888672] md: multipath personality registered for level -4
[    4.898200] md: raid0 personality registered for level 0
[    4.910698] md: raid1 personality registered for level 1
[    4.983785] raid6: sse2x1   gen()  6006 MB/s
[    5.051784] raid6: sse2x1   xor()  4345 MB/s
[    5.119831] raid6: sse2x2   gen()  9059 MB/s
[    5.187920] raid6: sse2x2   xor()  6875 MB/s
[    5.255880] raid6: sse2x4   gen() 12115 MB/s
[    5.323892] raid6: sse2x4   xor()  5494 MB/s
[    5.325136] raid6: using algorithm sse2x4 gen() 12115 MB/s
[    5.326463] raid6: .... xor() 5494 MB/s, rmw enabled
[    5.327525] raid6: using ssse3x2 recovery algorithm
[    5.332323] xor: automatically using best checksumming function:
[    5.372181]    avx       :  5918.000 MB/sec
[    5.374856] async_tx: api initialized (async)
[    5.389490] md: raid6 personality registered for level 6
[    5.390905] md: raid5 personality registered for level 5
[    5.391982] md: raid4 personality registered for level 4
[    5.401307] md: raid10 personality registered for level 10
done.
Begin: Running /scripts/init-premount ... done.
Begin: Mounting root file system ... Begin: Running /scripts/local-top ... done.
Begin: Running /scripts/local-premount ... [    5.438417] Btrfs loaded
Scanning for Btrfs filesystems
done.
Warning: fsck not present, so skipping root file system
[    5.516348] EXT4-fs (sda1): mounted filesystem with ordered data mode. Opts: (null)
done.
Begin: Running /scripts/local-bottom ... done.
Begin: Running /scripts/init-bottom ... done.
[    6.092013] systemd[1]: systemd 229 running in system mode. (+PAM +AUDIT +SELINUX +IMA +APPARMOR +SMACK +SYSVINIT +UTMP +LIBCRYPTSETUP +GCRYPT +GNUTLS +ACL +XZ -LZ4 +SECCOMP +BLKID +ELFUTILS +KMOD -IDN)
[    6.098132] systemd[1]: Detected virtualization oracle.
[    6.099365] systemd[1]: Detected architecture x86-64.

Welcome to [1mUbuntu 16.04.7 LTS[0m!

[    6.124617] systemd[1]: Set hostname to <ubuntu>.
[    6.143714] systemd[1]: Initializing machine ID from random generator.
[    6.147898] systemd[1]: Installed transient /etc/machine-id file.
[    6.720406] random: nonblocking pool is initialized
[    6.992647] systemd[1]: Listening on udev Control Socket.
[[0;32m  OK  [0m] Listening on udev Control Socket.
[    6.995402] systemd[1]: Set up automount Arbitrary Executable File Formats File System Automount Point.
[[0;32m  OK  [0m] Set up automount Arbitrary Executab...ats File System Automount Point.
[    7.003962] systemd[1]: Reached target Encrypted Volumes.
[[0;32m  OK  [0m] Reached target Encrypted Volumes.
[    7.006033] systemd[1]: Reached target System Time Synchronized.
[[0;32m  OK  [0m] Reached target System Time Synchronized.
[    7.008218] systemd[1]: Reached target Swap.
[[0;32m  OK  [0m] Reached target Swap.
[    7.010198] systemd[1]: Listening on Journal Socket.
[[0;32m  OK  [0m] Listening on Journal Socket.
[    7.012116] systemd[1]: Listening on udev Kernel Socket.
[[0;32m  OK  [0m] Listening on udev Kernel Socket.
[    7.014121] systemd[1]: Listening on Journal Socket (/dev/log).
[[0;32m  OK  [0m] Listening on Journal Socket (/dev/log).
[    7.016413] systemd[1]: Listening on Journal Audit Socket.
[[0;32m  OK  [0m] Listening on Journal Audit Socket.
[    7.018484] systemd[1]: Started Forward Password Requests to Wall Directory Watch.
[[0;32m  OK  [0m] Started Forward Password Requests to Wall Directory Watch.
[    7.021577] systemd[1]: Listening on LVM2 poll daemon socket.
[[0;32m  OK  [0m] Listening on LVM2 poll daemon socket.
[    7.024661] systemd[1]: Created slice System Slice.
[[0;32m  OK  [0m] Created slice System Slice.
[    7.040623] systemd[1]: Starting Set console keymap...
         Starting Set console keymap...
[    7.049174] systemd[1]: Starting Nameserver information manager...
         Starting Nameserver information manager...
[    7.084368] systemd[1]: Starting Load Kernel Modules...
         Starting Load Kernel Modules...
[    7.094357] systemd[1]: Starting Remount Root and Kernel File Systems...
         Starting Remount Root and Kernel File Systems...
[    7.122982] EXT4-fs (sda1): re-mounted. Opts: (null)
[    7.132041] systemd[1]: Mounting POSIX Message Queue File System...
         Mounting POSIX Message Queue File System...
[    7.145694] Loading iSCSI transport class v2.0-870.
[    7.151175] systemd[1]: Starting Uncomplicated firewall...
         Starting Uncomplicated firewall...
[    7.153096] systemd[1]: Listening on Device-mapper event daemon FIFOs.
[[0;32m  OK  [0m] Listening on Device-mapper event daemon FIFOs.
[    7.155733] systemd[1]: Listening on LVM2 metadata daemon socket.
[[0;32m  OK  [0m] Listening on LVM2 metadata daemon socket.
[    7.158759] systemd[1]: Starting Monitoring of LVM2 mirrors, snapshots etc. using dmeventd or progress polling...
         Starting Monitoring of LVM2 mirrors... dmeventd or progress polling...
[    7.168229] systemd[1]: Reached target User and Group Name Lookups.
[    7.172409] iscsi: registered transport (tcp)
[[0;32m  OK  [0m] Reached target User and Group Name Lookups.
[    7.175940] systemd[1]: Created slice User and Session Slice.
[[0;32m  OK  [0m] Created slice User and Session Slice.
[    7.180283] systemd[1]: Reached target Slices.
[[0;32m  OK  [0m] Reached target Slices.
[    7.182930] systemd[1]: Listening on Syslog Socket.
[[0;32m  OK  [0m] Listening on Syslog Socket.
[    7.196422] systemd[1]: Starting Journal Service...
         Starting Journal Service...
[    7.201248] systemd[1]: Listening on /dev/initctl Compatibility Named Pipe.
[[0;32m  OK  [0m] Listening on /dev/initctl Compatibility Named Pipe.
[    7.213030] systemd[1]: Starting Create list of required static device nodes for the current kernel...
         Starting Create list of required st... nodes for the current kernel...
[    7.221294] systemd[1]: Started Trigger resolvconf update for networkd DNS.
[[0;32m  OK  [0m] Started Trigger resolvconf update for networkd DNS.
[    7.225412] systemd[1]: Mounting Debug File System...
         Mounting Debug File System...
[    7.228037] systemd[1]: Mounting Huge Pages File System...
         Mounting Huge Pages File System...
[    7.230096] systemd[1]: Created slice system-serial\x2dgetty.slice.
[[0;32m  OK  [0m] Created slice system-serial\x2dgetty.slice.
[    7.234305] systemd[1]: Mounted Debug File System.
[[0;32m  OK  [0m] Mounted Debug File System.
[    7.236097] systemd[1]: Mounted POSIX Message Queue File System.
[[0;32m  OK  [0m] Mounted POSIX Message Queue File System.
[    7.237879] systemd[1]: Mounted Huge Pages File System.
[[0;32m  OK  [0m] Mounted Huge Pages File System.
[    7.240180] systemd[1]: Started Set console keymap.
[[0;32m  OK  [0m] Started Set console keymap.
[    7.252253] systemd[1]: Started Remount Root and Kernel File Systems.
[[0;32m  OK  [0m] Started Remount Root and Kernel File Systems.
[    7.264879] systemd[1]: Started Uncomplicated firewall.
[[0;32m  OK  [0m] Started Uncomplicated firewall.
[    7.284438] systemd[1]: Starting Load/Save Random Seed...
         Starting Load/Save Random Seed...
[    7.372258] systemd[1]: Starting udev Coldplug all Devices...
         Starting udev Coldplug all Devices...
[    7.382478] systemd[1]: Started Create list of required static device nodes for the current kernel.
[[0;32m  OK  [0m] Started Create list of required sta...ce nodes for the current kernel.
[    7.385781] systemd[1]: Started Nameserver information manager.
[[0;32m  OK  [0m] Started Nameserver information manager.
[    7.393225] systemd[1]: Starting Create Static Device Nodes in /dev...
         Starting Create Static Device Nodes in /dev...
[    7.440830] systemd[1]: Started Load/Save Random Seed.
[[0;32m  OK  [0m] Started Load/Save Random Seed.
[    7.505612] iscsi: registered transport (iser)
[    7.508338] systemd[1]: Started Load Kernel Modules.
[[0;32m  OK  [0m] Started Load Kernel Modules.
[    7.528287] systemd[1]: Mounting FUSE Control File System...
         Mounting FUSE Control File System...
[    7.538063] systemd[1]: Starting Apply Kernel Variables...
         Starting Apply Kernel Variables...
[    7.542639] systemd[1]: Mounted FUSE Control File System.
[[0;32m  OK  [0m] Mounted FUSE Control File System.
[    7.617972] systemd[1]: Started udev Coldplug all Devices.
[[0;32m  OK  [0m] Started udev Coldplug all Devices.
[    7.631577] systemd[1]: Started Journal Service.
[[0;32m  OK  [0m] Started Journal Service.
         Starting Flush Journal to Persistent Storage...
[[0;32m  OK  [0m] Started LVM2 metadata daemon.
[    7.748733] systemd-journald[386]: Received request to flush runtime journal from PID 1
[[0;32m  OK  [0m] Started Apply Kernel Variables.
[[0;32m  OK  [0m] Started Flush Journal to Persistent Storage.
[[0;32m  OK  [0m] Started Create Static Device Nodes in /dev.
         Starting udev Kernel Device Manager...
[[0;32m  OK  [0m] Started udev Kernel Device Manager.
[[0;32m  OK  [0m] Started Dispatch Password Requests to Console Directory Watch.
[[0;32m  OK  [0m] Started Monitoring of LVM2 mirrors,...ng dmeventd or progress polling.
[[0;32m  OK  [0m] Reached target Local File Systems (Pre).
[[0;32m  OK  [0m] Reached target Local File Systems.
         Starting Set console font and keymap...
         Starting LSB: AppArmor initialization...
         Starting Create Volatile Files and Directories...
         Starting Initial cloud-init job (pre-networking)...
         Starting Tell Plymouth To Write Out Runtime Data...
         Starting Commit a transient machine-id on disk...
[[0;32m  OK  [0m] Started Create Volatile Files and Directories.
         Starting Update UTMP about System Boot/Shutdown...
[[0;32m  OK  [0m] Started Commit a transient machine-id on disk.
[[0;32m  OK  [0m] Started Tell Plymouth To Write Out Runtime Data.
[[0;32m  OK  [0m] Started Update UTMP about System Boot/Shutdown.
[[0;32m  OK  [0m] Found device /dev/ttyS0.
[[0;32m  OK  [0m] Listening on Load/Save RF Kill Switch Status /dev/rfkill Watch.
[[0;32m  OK  [0m] Started LSB: AppArmor initialization.
         Starting Load AppArmor profiles managed internally by snapd...
[[0;32m  OK  [0m] Started Load AppArmor profiles managed internally by snapd.
[[0;32m  OK  [0m] Started Set console font and keymap.
[[0;32m  OK  [0m] Created slice system-getty.slice.
[   13.843999] cloud-init[481]: Cloud-init v. 20.3-2-g371b392c-0ubuntu1~16.04.1 running 'init-local' at Mon, 28 Sep 2020 00:52:59 +0000. Up 13.08 seconds.
[[0;32m  OK  [0m] Started Initial cloud-init job (pre-networking).
[[0;32m  OK  [0m] Reached target Network (Pre).
         Starting Raise network interfaces...
[[0;32m  OK  [0m] Started Raise network interfaces.
         Starting Initial cloud-init job (metadata service crawler)...
[[0;32m  OK  [0m] Reached target Network.
[   17.004741] cloud-init[955]: Cloud-init v. 20.3-2-g371b392c-0ubuntu1~16.04.1 running 'init' at Mon, 28 Sep 2020 00:53:01 +0000. Up 14.79 seconds.
[   17.007547] cloud-init[955]: ci-info: ++++++++++++++++++++++++++++++++++++++Net device info++++++++++++++++++++++++++++++++++++++
[   17.011255] cloud-init[955]: ci-info: +--------+------+----------------------------+---------------+--------+-------------------+
[   17.012989] cloud-init[955]: ci-info: | Device |  Up  |          Address           |      Mask     | Scope  |     Hw-Address    |
[   17.014551] cloud-init[955]: ci-info: +--------+------+----------------------------+---------------+--------+-------------------+
[   17.016220] cloud-init[955]: ci-info: | enp0s3 | True |         10.0.2.15          | 255.255.255.0 | global | 02:8a:e9:cd:da:1d |
[   17.017666] cloud-init[955]: ci-info: | enp0s3 | True | fe80::8a:e9ff:fecd:da1d/64 |       .       |  link  | 02:8a:e9:cd:da:1d |
[   17.019163] cloud-init[955]: ci-info: |   lo   | True |         127.0.0.1          |   255.0.0.0   |  host  |         .         |
[   17.020659] cloud-init[955]: ci-info: |   lo   | True |          ::1/128           |       .       |  host  |         .         |
[   17.021986] cloud-init[955]: ci-info: +--------+------+----------------------------+---------------+--------+-------------------+
[   17.023643] cloud-init[955]: ci-info: +++++++++++++++++++++++++++Route IPv4 info++++++++++++++++++++++++++++
[   17.025000] cloud-init[955]: ci-info: +-------+-------------+----------+---------------+-----------+-------+
[   17.026345] cloud-init[955]: ci-info: | Route | Destination | Gateway  |    Genmask    | Interface | Flags |
[   17.027637] cloud-init[955]: ci-info: +-------+-------------+----------+---------------+-----------+-------+
[   17.028744] cloud-init[955]: ci-info: |   0   |   0.0.0.0   | 10.0.2.2 |    0.0.0.0    |   enp0s3  |   UG  |
[   17.036404] cloud-init[955]: ci-info: |   1   |   10.0.2.0  | 0.0.0.0  | 255.255.255.0 |   enp0s3  |   U   |
[   17.037734] cloud-init[955]: ci-info: +-------+-------------+----------+---------------+-----------+-------+
[   17.039077] cloud-init[955]: ci-info: +++++++++++++++++++Route IPv6 info+++++++++++++++++++
[   17.040255] cloud-init[955]: ci-info: +-------+-------------+---------+-----------+-------+
[   17.041408] cloud-init[955]: ci-info: | Route | Destination | Gateway | Interface | Flags |
[   17.042537] cloud-init[955]: ci-info: +-------+-------------+---------+-----------+-------+
[   17.043693] cloud-init[955]: ci-info: |   0   |  fe80::/64  |    ::   |   enp0s3  |   U   |
[   17.044869] cloud-init[955]: ci-info: |   3   |   ff00::/8  |    ::   |   enp0s3  |   U   |
[   17.046044] cloud-init[955]: ci-info: +-------+-------------+---------+-----------+-------+
[   17.047205] cloud-init[955]: Generating public/private rsa key pair.
[   17.048201] cloud-init[955]: Your identification has been saved in /etc/ssh/ssh_host_rsa_key.
[   17.049431] cloud-init[955]: Your public key has been saved in /etc/ssh/ssh_host_rsa_key.pub.
[   17.050677] cloud-init[955]: The key fingerprint is:
[   17.051610] cloud-init[955]: SHA256:JHFzqshbFZjBNTARHjK7mK9T6sDFYIg6wcvFt2g6Xc4 root@ubuntu-xenial
[   17.052828] cloud-init[955]: The key's randomart image is:
[   17.060420] cloud-init[955]: +---[RSA 2048]----+
[   17.068409] cloud-init[955]: |    o.OO* .      |
[   17.069252] cloud-init[955]: |+ .  =+= *       |
[   17.070061] cloud-init[955]: |++ o..o +        |
[   17.070905] cloud-init[955]: |+.=+oo.=         |
[   17.071762] cloud-init[955]: |ooo=+oo S        |
[   17.072608] cloud-init[955]: |..=.=o           |
[   17.073464] cloud-init[955]: |.+ +oE           |
[   17.074297] cloud-init[955]: | .+.             |
[   17.075114] cloud-init[955]: | .o.             |
[   17.075954] cloud-init[955]: +----[SHA256]-----+
[   17.076861] cloud-init[955]: Generating public/private dsa key pair.
[   17.077826] cloud-init[955]: Your identification has been saved in /etc/ssh/ssh_host_dsa_key.
[   17.079015] cloud-init[955]: Your public key has been saved in /etc/ssh/ssh_host_dsa_key.pub.
[   17.080235] cloud-init[955]: The key fingerprint is:
[   17.081086] cloud-init[955]: SHA256:+GEkJ3iFh1whbR9610SdN633IhpFatyizy+8NWk9soY root@ubuntu-xenial
[   17.082269] cloud-init[955]: The key's randomart image is:
[   17.083172] cloud-init[955]: +---[DSA 1024]----+
[   17.084029] cloud-init[955]: |     ..=+.   ...o|
[   17.084928] cloud-init[955]: |     .+o+ . . .o+|
[   17.085773] cloud-init[955]: |    . +oo+ = o .o|
[   17.086618] cloud-init[955]: |     . *. B + o .|
[   17.092388] [[0;32m  OK  [0m] Started Initial cloud-init job (metadata service crawler).
[[0;32m  OK  [0m] Reached target System Initialization.
[[0;32m  OK  [0m] Started Message of the Day.
[[0;32m  OK  [0m] Listening on D-Bus System Message Bus Socket.
         Starting Socket activation for snappy daemon.
cloud-init[955]: |      . S+ +   ..|
[   17.095527] cloud-init[955]: |       o... .o. .|
[   17.096396] cloud-init[955]: |        .+ +*.o. |
[   17.097229] cloud-init[955]: |          Eo.+ . |
[   17.098067] cloud-init[955]: |          .=o    |
[   17.098938] cloud-init[955]: +----[SHA256]-----+
[   17.099748] cloud-init[955]: Generating public/private ecdsa key pair.
[   17.100760] cloud-init[955]: Your identification has been saved in /etc/ssh/ssh_host_ecdsa_key.
[   17.101898] cloud-init[955]: Your public key has been saved in /etc/ssh/ssh_host_ecdsa_key.pub.
[   17.102914] cloud-init[955]: The key fingerprint is:
[   17.103538] cloud-init[955]: SHA256:rLYUbBb31w/0+jSiFkhmMfmPYKaagc5uMzJLwSvrLx4 root@ubuntu-xenial
[   17.112243]          cloud-initStarting LXD - unix socket.[955]: 
The key's randomart image is:
[[0;32m  OK  [0m] Listening on ACPID Listen Socket.
[   17.121667] cloud-init[955]: +---[ECDSA 256]---+[[0;32m  OK  [0m] Started ACPI Events Check.
[[0;32m  OK  [0m] Reached target Paths.
[[0;32m  OK  [0m] Started Daily apt download activities.
[[0;32m  OK  [0m] Started Daily apt upgrade and clean activities.
[[0;32m  OK  [0m] Started Daily Cleanup of Temporary Directories.
[[0;32m  OK  [0m] Reached target Timers.
[[0;32m  OK  [0m] Listening on UUID daemon activation socket.
[[0;32m  OK  [0m] Reached target Network is Online.

[   17.128793] cloud-init[955]: |          .      |
[   17.129637] cloud-init[955]: |         +       |
[   17.130458] cloud-init[955]: |      . . +   .  |
[   17.131282] cloud-init[955]: |.    . + O . o . |
[   17.132139] cloud-init[955]: | o  . = S + + o .|
[   17.132950] cloud-init[955]: |  o. + + . + . + |
[   17.133793] cloud-init[955]: |.Eo   B     ....o|
[   17.134612] cloud-init[955]: |o=.* = .   .. .o.|
[   17.135406] cloud-init[955]: |++Ooo .   ..    .|
[   17.136308] cloud-init[955]: +----[SHA256]-----+
[   17.137169] cloud-init[955]: Generating public/private ed25519 key pair.
[   17.138321] cloud-init[955]: Your identification has been saved in /etc/ssh/ssh_host_ed25519_key.
[   17.139729] cloud-init[955]: Your public key has been saved in /etc/ssh/ssh_host_ed25519_key.pub.
[   17.141063] cloud-init[955]: The key fingerprint is:
[   17.142133] cloud-init[955]: SHA256:S1hgwdqKNgx3WumCYV8EqPdC8tlRBDsb8TBvAcaRN6A root@ubuntu-xenial
[   17.143535] cloud-init[955]: The key's randomart image is:         Starting iSCSI initiator daemon (iscsid)...
[[0;32m  OK  [0m] Reached target Cloud-config availability.
[[0;32m  OK  [0m] Listening on Socket activation for snappy daemon.
[[0;32m  OK  [0m] Listening on LXD - unix socket.
[[0;32m  OK  [0m] Reached target Sockets.
[[0;32m  OK  [0m] Reached target Basic System.

[   17.147261] cloud-init[955]: +--[ED25519 256]--+
[   17.156508] cloud-init[955]: |  .o@O*.         |
         Starting Pollinate to seed the pseudo random number generator...
         Starting LSB: MD monitoring daemon...
         Starting Accounts Service...
         Starting Login Service...
[   17.169707] cloud-init[955]: | . ooX=o         |
         Starting System Logging Service...
[   17.173600] cloud-init[[0;32m  OK  [0m] Started D-Bus System Message Bus.
[955]: |. E =*+..        |
[   17.175507] cloud-init[955]: |=.+ **.o         |
[   17.176376] cloud-init[955]: |.@.Xoo. S        |
[   17.177332] cloud-init[955]: |. @.=  . .       |
[   17.178204] cloud-init[955]: | . +    .        |
[   17.179060] cloud-init[955]: |                 |
[   17.179989] cloud-init[955]: |                 |
[   17.180953] cloud-init[955]: +----[SHA256]-----+
         Starting Virtualbox guest utils...
         Starting LSB: Record successful boot for GRUB...
[[0;32m  OK  [0m] Started Regular background program processing daemon.
[[0;32m  OK  [0m] Started ACPI event daemon.
[[0;32m  OK  [0m] Started Deferred execution scheduler.
         Starting /etc/rc.local Compatibility...
[[0;32m  OK  [0m] Started FUSE filesystem for LXC.
         Starting LXD - container startup/shutdown...
         Starting Snap Daemon...
[[0;32m  OK  [0m] Started System Logging Service.
[[0;32m  OK  [0m] Started /etc/rc.local Compatibility.
[[0;32m  OK  [0m] Started Login Service.
[[0;32m  OK  [0m] Started Unattended Upgrades Shutdown.
[[0;32m  OK  [0m] Started iSCSI initiator daemon (iscsid).
         Starting Login to default iSCSI targets...
[[0;32m  OK  [0m] Started LSB: MD monitoring daemon.
         Starting Authenticate and Authorize Users to Run Privileged Tasks...
[[0;32m  OK  [0m] Started LSB: Record successful boot for GRUB.
[[0;32m  OK  [0m] Started Login to default iSCSI targets.
[[0;32m  OK  [0m] Reached target Remote File Systems (Pre).
[[0;32m  OK  [0m] Reached target Remote File Systems.
         Starting LSB: Set the CPU Frequency Scaling governor to "ondemand"...
         Starting LSB: automatic crash report generation...
         Starting Permit User Sessions...
         Starting LSB: daemon to balance interrupts for SMP systems...
[[0;32m  OK  [0m] Started LSB: Set the CPU Frequency Scaling governor to "ondemand".
[[0;32m  OK  [0m] Started Permit User Sessions.
         Starting Hold until boot process finishes up...
         Starting Terminate Plymouth Boot Screen...
[[0;32m  OK  [0m] Started Hold until boot process finishes up.
         Starting Set console scheme...
[[0;32m  OK  [0m] Started Serial Getty on ttyS0.
[[0;32m  OK  [0m] Started Getty on tty1.
[[0;32m  OK  [0m] Reached target Login Prompts.
[[0;32m  OK  [0m] Started Terminate Plymouth Boot Screen.
[[0;32m  OK  [0m] Started LSB: daemon to balance interrupts for SMP systems.
[[0;32m  OK  [0m] Started Set console scheme.
[[0;32m  OK  [0m] Started LSB: automatic crash report generation.
[[0;32m  OK  [0m] Started Authenticate and Authorize Users to Run Privileged Tasks.
[[0;32m  OK  [0m] Started Accounts Service.
[[0;32m  OK  [0m] Started Virtualbox guest utils.
[[0;32m  OK  [0m] Started Pollinate to seed the pseudo random number generator.
         Starting OpenBSD Secure Shell server...
[[0;32m  OK  [0m] Started LXD - container startup/shutdown.
[[0;32m  OK  [0m] Started OpenBSD Secure Shell server.
[[0;32m  OK  [0m] Created slice User Slice of vagrant.
         Starting User Manager for UID 1000...
[[0;32m  OK  [0m] Started Session 1 of user vagrant.
[[0;32m  OK  [0m] Started User Manager for UID 1000.
[[0;32m  OK  [0m] Started Snap Daemon.
         Starting Wait until snapd is fully seeded...

Ubuntu 16.04.7 LTS ubuntu-xenial ttyS0

ubuntu-xenial login: [   27.950870] cloud-init[1551]: Generating locales (this might take a while)...
[   28.979715] cloud-init[1551]:   en_US.UTF-8... done
[   28.980544] cloud-init[1551]: Generation complete.
[   31.398163] cloud-init[1551]: Cloud-init v. 20.3-2-g371b392c-0ubuntu1~16.04.1 running 'modules:config' at Mon, 28 Sep 2020 00:53:14 +0000. Up 27.70 seconds.
ci-info: no authorized SSH keys fingerprints found for user ubuntu.
<14>Sep 28 00:53:18 ec2: 
<14>Sep 28 00:53:18 ec2: #############################################################
<14>Sep 28 00:53:18 ec2: -----BEGIN SSH HOST KEY FINGERPRINTS-----
<14>Sep 28 00:53:18 ec2: 1024 SHA256:+GEkJ3iFh1whbR9610SdN633IhpFatyizy+8NWk9soY root@ubuntu-xenial (DSA)
<14>Sep 28 00:53:18 ec2: 256 SHA256:rLYUbBb31w/0+jSiFkhmMfmPYKaagc5uMzJLwSvrLx4 root@ubuntu-xenial (ECDSA)
<14>Sep 28 00:53:18 ec2: 256 SHA256:S1hgwdqKNgx3WumCYV8EqPdC8tlRBDsb8TBvAcaRN6A root@ubuntu-xenial (ED25519)
<14>Sep 28 00:53:18 ec2: 2048 SHA256:JHFzqshbFZjBNTARHjK7mK9T6sDFYIg6wcvFt2g6Xc4 root@ubuntu-xenial (RSA)
<14>Sep 28 00:53:18 ec2: -----END SSH HOST KEY FINGERPRINTS-----
<14>Sep 28 00:53:18 ec2: #############################################################
-----BEGIN SSH HOST KEY KEYS-----
ecdsa-sha2-nistp256 AAAAE2VjZHNhLXNoYTItbmlzdHAyNTYAAAAIbmlzdHAyNTYAAABBBPF6djUfZkVf0Q+z+fjxhnmFMPbwF5nH4/s4DJM162F0NwrpjXnkJOl9SNx4jrMHq1QDUYOXa5cv/tzKh6ly4TE= root@ubuntu-xenial
ssh-ed25519 AAAAC3NzaC1lZDI1NTE5AAAAIPScAj/UXNVMrJ1kaTwmVsFJoa70XjNNWFKHuM8OhRl+ root@ubuntu-xenial
ssh-rsa AAAAB3NzaC1yc2EAAAADAQABAAABAQDgKIUsmXu1kcf5UaZmPFE/sRkWAB2o+B03sc76g6c28HrYNuK2mIMCaZL8V0Vh1CZ0pJuT5MqjTzOHKKHdkofC7dz2G7QQq/h87URFRMsjKUDXTTRDmZRbU54KqGJ04XXGhM7/TNZ4uCm4U2A9wMwzVjJRoefITUlimExQuJVUAprf7sY3lKP9GculW8akbFZCH4zwouzjEIJJjLMROUJtTqgxp5YsAFLTArrZF4fexd+eXyeO3dDjlvE3L5vdsKb2Vg31nGDHLtPk4eQfNev51DMC9tVDrJWd7KI3ur4Zq9jrNJJII8hCASJ66rEke6OKbyj2qauHaw2k0Gn2pktB root@ubuntu-xenial
-----END SSH HOST KEY KEYS-----
[   32.101251] cloud-init[1797]: Cloud-init v. 20.3-2-g371b392c-0ubuntu1~16.04.1 running 'modules:final' at Mon, 28 Sep 2020 00:53:18 +0000. Up 31.82 seconds.
[   32.102570] cloud-init[1797]: ci-info: no authorized SSH keys fingerprints found for user ubuntu.
[   32.103354] cloud-init[1797]: Cloud-init v. 20.3-2-g371b392c-0ubuntu1~16.04.1 finished at Mon, 28 Sep 2020 00:53:18 +0000. Datasource DataSourceNoCloud [seed=/dev/sdb][dsmode=net].  Up 32.09 seconds
