[    0.000000] Linux version 4.15.0-124-generic (buildd@lgw01-amd64-029) (gcc version 7.5.0 (Ubuntu 7.5.0-3ubuntu1~18.04)) #127-Ubuntu SMP Fri Nov 6 10:54:43 UTC 2020 (Ubuntu 4.15.0-124.127-generic 4.15.18)
[    0.000000] Command line: BOOT_IMAG=/boot/vmlinuz-4.15.0-124-generic root=LABEL=cloudimg-rootfs ro console=tty1 console=ttyS0
[    0.000000] KERNEL supported cpus:
[    0.000000]   Intel GenuineIntel
[    0.000000]   AMD AuthenticAMD
[    0.000000]   Centaur CentaurHauls
[    0.000000] x86/fpu: Supporting XSAVE feature 0x001: 'x87 floating point registers'
[    0.000000] x86/fpu: Supporting XSAVE feature 0x002: 'SSE registers'
[    0.000000] x86/fpu: Supporting XSAVE feature 0x004: 'AVX registers'
[    0.000000] x86/fpu: xstate_offset[2]:  576, xstate_sizes[2]:  256
   0.000000] x86/fpu: Enabld xstate features 0x7, context size is 832 bytes, using 'standard' format.
[    0.000000] e820: BIOS-provided physical RAM map:
[    0.000000] BIOS-e820: [mem 0x0000000000000000-0x000000000009fbff] usable
[    0.000000] BIOS-e820: [mem 0x000000000009fc00-0x000000000009ffff] reserved
[    0.00000] BIOS-e820: [mem 0x00000000000f0000-0x00000000000fffff] reserved
[    0.000000] BIOS-e820: [mem 0x0000000000100000-0x000000003ffeffff] usable
[    0.000000] BIOS-e820: [mem 0x00000000fff0000-0x000000003fffffff] ACPI data[    0.000000] BIOS-e820: [mem 0x00000000fec00000-0x00000000fec00fff] reserved
[    0.000000] BIOS-e820: [mem 0x00000000fee00000-0x00000000fee00fff] reserved
[    0.000000] BIOS-e820: [mem 0x00000000fffc0000-0x00000000ffffffff] reserved
[    0.000000] NX (Execute Disable) protection: active
[    0.000000] SMBIOS 2.5 present.
[    0.000000] DMI: innotek GmbH VirualBox/VirtualBox, BIOS VirtualBox 12/01/2006
[    0.000000] Hypervisor detected: KVM
[    0.000000] e820: last_pfn = 0x3fff0 max_arch_pfn = 0x400000000
[    0.000000] MTRR: Disabled
[    0.000000] x86/PAT: MTRRs disabled, skipping PAT initialization too.
[    0.000000] CPU MTRRs all blank - virtualized system.
[    0.000000] x86/PAT: Configuration [0-7: WB  WT  UC- UC  WB  WT  UC- UC  
[    0.000000] found SMP MP-table at [mem 0x0009fff0-0x0009ffff]
[    0.000000] Scanning 1 areas for low memory corruption
[    0.000000] RAMDISK: [mem 0x35a67000-0x36d2afff]
[    0.000000] ACPI: Early table checksum verification disabled
[    0.000000] ACPI: RSDP 0x00000000000E0000 000024 (v02 VBOX  )
[    0.000000] ACPI: XSDT 0x000000003FFF0030 00003C (v01 VBOX   VBOXXSDT 00000001 ASL  00000061)
[    0.000000] ACPI: FACP 0x000000003FFF00F0 0000F4 (v04 VBOX   VBOXFACP 00000001 ASL  00000061)
[    0.000000] ACPI: DSDT 0x000000003FFF0470 0021FF (v02 VBOX   VBOXBIOS 00000002 INTL 20180105)
[    0.000000] ACPI:FACS 0x000000003FFF0200 000040
[    0.000000] ACPI: FACS 0x000000003FFF0200 000040
[    0.000000] ACPI: APIC 0x000000003FFF0240 00005C (v02 VBOX   VBOXAPIC 00000001 ASL  00000061)
[    0.000000] ACPI: SSDT 0x000000003FFF02A0 0001CC (v01 VBOX   VBOXCPUT 0000000 INTL 20180105)
[    0.000000] No NUMA configuratio found
[    0.000000] Faking a node at [mem 0x0000000000000000-0x000000003ffeffff]
[    0.000000] NODE_DATA0) allocated [mem 0x3ffc5000-0x3ffeffff]
[    0.000000] kvm-clock: cpu 0, msr 0:3ff44001, primary cpu clock
[    0.00000 kvm-clock: Using msrs 4b564d01 and 4b564d00
[    0.000000] kvm-clock: using sched offset of 3798376814 cycles
[    0.000000] clocksource: kvm-clock: mask: 0xffffffffffffffff max_cycles: 0x1cd42e4dffb, max_idle_ns: 881590591483 ns
[    0.000000] Zone ranges:
[    0.000000]   DMA      [mem 0x0000000000001000-0x0000000000ffffff]
[    0.000000]   DMA32    [mem 0x0000000001000000-0x000000003ffeffff]
[    0.000000]   Normal   empty
[    0.000000]   Device   empty
[    0.000000] Movable zone start for each node
[    0.000000] Early memory node ranges
[    0.000000]   node   0: [mem 0x000000000001000-0x000000000009efff]
[    0.000000]   node   0: [mem 0x0000000000100000-0x000000003ffeffff]
[    0.000000] Reserved but unavailable: 98 pages
[    0.000000] Initmem setup node 0 [mem 0x0000000000001000-0x000000003ffeffff]
[    0.000000] ACPI: PM-Timer IO Port: 0x4008
[    0.000000] IOAPIC[0]: apic_id 2, version 32, address 0xfec00000, GSI 0-23
[    0.000000] ACPI: INT_SRC_OVR (bus 0 bus_irq 0 global_irq 2 dfl dfl)
[    0.000000] ACPI: INT_SRC_OVR (bus 0 bus_irq 9 global_irq 9 low level)
[    0.000000] Using ACPI (MADT) for SMP configuration information
[    0.000000] smpboot: Allowing 2 CPUs, 0 hotplug CPUs
[    0.000000] PM: Registerenosave memory: [mem 0x00000000-0x00000fff]
[    0.000000] PM: Registered nosave memory: [mem 0x0009f000-0x0009ffff]
[    0.000000] PM: Registered nosave memory: [mem 0x000a0000-0x000effff]
[    0.000000] PM: Registered nosave memory: [mem 0x000f0000-0x000fffff]
[    0.000000] e820: [mem 0x40000000-0xfebfffff] available for PCI devices
[    0.000000] Booting paravirtualized kernel on KVM
[    0.00000] clocksource: refined-jiffies: mask: 0xffffffff max_cycles: 0xfffffff, max_idle_ns: 764551960021156 ns
[    0.000000] random: get_random_bytes called from startkernel+0x99/0x500 with crng_init=0
[    0.000000] setup_percpu: NR_CPUS:8192 nr_cpumask_bits:2 nr_cpu_ids:2 nr_node_ids:1
[    0.000000] percpu: Embedded 45 pages/cpu s147456 r8192 d28672 u18576
[    0.000000] PV qspinlock hash table entries: 256 (order: 0, 4096 bytes)
[    0.000000] Built 1 zonelists, mobility grouping on.  Total pages: 257913
[    0.000000] Policy zone: DMA32
[    0.000000] Kernel command line: BOOT_IMAGE=/boot/vmlinuz-4.15.0-124-generic root=LABEL=cloudimg-rootfs ro console=tty1 console=ttyS0
[    0.000000] Mory: 983032K/1048120K available (12300K kernel code, 2482K rwdata, 4272K rodata, 2436K init, 2724K bss, 65088K reserved, 0K cma-reserved)
[    0.000000] SLUB: HWalign=64, Order=0-3, MinObjcts=0, CPUs=2, Nodes=1
[    0.000000] Kernel/User page tables isolation: enabled
[    0.000000] ftrace: allocating 39402 entries in 154 pages
[    0.004000] Hierarchical RCU implementation.
[    0.004000] 	RCU restricting CPUs from NR_CPUS=8192 to nr_cpu_ids=2.
[    0.004000] 	Tasks RCU enabled.
[   0.004000] RCU: Adjusting geometry for rcu_fanout_leaf=16, nr_cpu_ids=2
[    0.004000] NR_IRQS: 524544, nr_irqs: 440, preallocated irqs: 16
[    0.004000] Console: colour VGA+ 80x25
[    0.004000] console [tty1] enabled
[    0.004000] console [ttyS0] enabled
[    0.004000] ACPI: Core revision 20170831
[    0.004000] ACPI: 2 ACPI AML tables successfully acquired and loaded
    0.004000] APIC: Switch to symmetric I/O mode setup
[    0.008051] x2apic enabled
[    0.012004] Switched APIC routing to physical x2apic.
[    0.017076] ..TIMER: vector=0x30 apic1=0 pin1=2 apic2=-1 pin2=-1
[    0.020003] tsc: Detected 2993.200 MHz processor
[    0.024012] Calibrating delay loop (skipped) preset value.. 5986.40 BogoMIPS (lpj=11972800)
[    0.028010] pid_max: default: 32768 minimum: 301
[    0.032050] Security Framework initialized
[    0.036003] Yama: becoming mindful.
[    0.040050] AppArmor: AppArmor initialized
[    0.044802] Dentry cache hash table entries: 131072 (order: 8, 1048576 bytes)
[    0.052016] Inode-cache hash table entries: 65536 (order: 7, 524288 bytes)
[    0.056014] Mount-cache hash table entries: 2048 (order: 2, 16384 bytes)
[    0.060007] Mountpoint-cache hash table entries: 2048 (order: 2, 16384 bytes)
[    0.064309] Last level iTLB entries: 4KB 512, 2MB 8, 4MB 8
[    0.068003] Last level dTLB entries: 4KB 512, 2MB 32, 4MB 32, 1GB 0
[    0.072003] Spectre V1 : Mitigation: usercopy/swapgs barriers and __user pointer sanitization
[    0.076010] Spectre V2 : Mitigation: Full generic retpoline
[    0.080007] Spectre V2 : Spectre v2 / SpectreRSB mitigation: Filling RSB on context switch
[    0.084007] Speculative Store Bypass: Vulnerable
[    0.088052] MDS: Mitigation: Clear CPU buffers
[    0.092164] Freeing SMP alternatives memory: 36K
[    0.209619] smpboot: CPU0: Intel(R) Core(TM) i5-2320 CPU @ 3.00GHz (family: 0x6, model: 0x2a, stepping: 0x7)
[    0.216066] Performance Events: unsupported p6 CPU model 42 no PMU driver, software events only.
[    0.220095] Hierarchical SRCU implementation.
[    0.224626] NMI watchdog: Perf event create on CPU 0 failed with -2
[    0.228008] NMI watchdog: Perf NMI watchdog permanently disabled
[    0.232090] smp: Bringing up secondary CPUs ...
[    0.236115] x86: Booting SMP configuration:
[    0.240003] .... node  #0, CPUs:      #1
[    0.004000] kvm-clock: cpu 1, msr 0:3ff44041, secondary cpu clock
[    0.626169] smp: Brought up 1 node, 2 CPUs
[    0.628007] smpboot: Max logical packages: 1
[    0.632012] smpboot: Total of 2 processors activated (11972.80 BogoMIPS)
[    0.636192] devtmpfs: initialized
[    0.640083] x86/mm: Memory block size: 128MB
[    0.644171] evm: security.selinux
[    0.648011] evm: security.SMACK64
[    0.652002] evm: security.SMACK64EXEC
[    0.656002] evm: security.SMACK64TRANSMUTE
[    0.660002] evm: security.SMACK64MMAP
[    0.664002] evm: security.apparmor
[    0.668002] evm: security.ima
[    0.672002] evm: security.capability
[    0.676130] clocksource: jiffies: mask: 0xffffffff max_cycles: 0xffffffff, max_idle_ns: 7645041785100000 ns
[    0.680009] futex hash table entries: 512 (order: 3, 32768 bytes)
[    0.684683] pinctrl core: initialized pinctrl subsystem
[    0.688151] RTC time: 16:15:44, date: 12/27/20
[    0.692399] NET: Registered protocol family 16
[    0.696109] audit: initializing netlink subsys (disabled)
[    0.700075] audit: type=2000 audit(1609085724.811:1): state=initialized audit_enabled=0 res=1
[    1.072014] cpuidle: using governor ladder
[    1.076009] cpuidle: using governor menu
[    1.080047] ACPI: bus type PCI registered
[    1.084003] acpiphp: ACPI Hot Plug PCI Controller Driver version: 0.5
[    1.088101] PCI: Using configuration type 1 for base access
[    1.093037] HugeTLB registered 2.00 MiB page size, pre-allocated 0 pages
[    1.096114] ACPI: Added _OSI(Module Device)
[    1.100011] ACPI: Added _OSI(Processor Device)
[    1.104010] ACPI: Added _OSI(3.0 _SCP Extensions)
[    1.108007] ACPI: Added _OSI(Processor Aggregator Device)
[    1.112011] ACPI: Added _OSI(Linux-Dell-Video)
[    1.116004] ACPI: Added _OSI(Linux-Lenovo-NV-HDMI-Audio)
[    1.120007] ACPI: Added _OSI(Linux-HPI-Hybrid-Graphics)
[    1.124305] ACPI: Executed 1 blocks of module-level executable AML code
[    1.133331] ACPI: Interpreter enabled
[    1.136036] ACPI: (supports S0 S5)
[    1.140010] ACPI: Using IOAPIC for interrupt routing
[    1.144303] PCI: Using host bridge windows from ACPI; if necessary, use "pci=nocrs" and report a bug
[    1.148210] ACPI: Enabled 2 GPEs in block 00 to 07
[    1.160668] ACPI: PCI Root Bridge [PCI0] (domain 0000 [bus 00-ff])
[    1.164019] acpi PNP0A03:00: _OSC: OS supports [ASPM ClockPM Segments MSI]
[    1.168045] acpi PNP0A03:00: _OSC: not requesting OS control; OS requires [ExtendedConfig ASPM ClockPM MSI]
[    1.172016] acpi PNP0A03:00: fail to add MMCONFIG information, can't access extended PCI configuration space under this bridge.
[    1.176421] PCI host bridge to bus 0000:00
[    1.180014] pci_bus 0000:00: root bus resource [io  0x0000-0x0cf7 window]
[    1.184010] pci_bus 0000:00: root bus resource [io  0x0d00-0xffff window]
[    1.188004] pci_bus 0000:00: root bus resource [mem 0x000a0000-0x000bffff window]
[    1.192004] pci_bus 0000:00: root bus resource [mem 0x40000000-0xfdffffff window]
[    1.196005] pci_bus 0000:00: root bus resource [bus 00-ff]
[    1.201861] pci 0000:00:01.1: legacy IDE quirk: reg 0x10: [io  0x01f0-0x01f7]
[    1.204003] pci 0000:00:01.1: legacy IDE quirk: reg 0x14: [io  0x03f6]
[    1.208013] pci 0000:00:01.1: legacy IDE quirk: reg 0x18: [io  0x0170-0x0177]
[    1.212011] pci 0000:00:01.1: legacy IDE quirk: reg 0x1c: [io  0x0376]
[    1.234160] pci 0000:00:07.0: quirk: [io  0x4000-0x403f] claimed by PIIX4 ACPI
[    1.236023] pci 0000:00:07.0: quirk: [io  0x4100-0x410f] claimed by PIIX4 SMB
[    1.247452] ACPI: PCI Interrupt Link [LNKA] (IRQs 5 9 10 *11)
[    1.248321] ACPI: PCI Interrupt Link [LNKB] (IRQs 5 9 *10 11)
[    1.252124] ACPI: PCI Interrupt Link [LNKC] (IRQs 5 *9 10 11)
[    1.256123] ACPI: PCI Interrupt Link [LNKD] (IRQs 5 9 10 *11)
[    1.260421] SCSI subsystem initialized
[    1.264115] pci 0000:00:02.0: vgaarb: setting as boot VGA device
[    1.268000] pci 0000:00:02.0: vgaarb: VGA device added: decodes=io+mem,owns=io+mem,locks=none
[    1.268013] pci 0000:00:02.0: vgaarb: bridge control possible
[    1.272003] vgaarb: loaded
[    1.276065] ACPI: bus type USB registered
[    1.280029] usbcore: registered new interface driver usbfs
[    1.284011] usbcore: registered new interface driver hub
[    1.288037] usbcore: registered new device driver usb
[    1.292131] EDAC MC: Ver: 3.0.0
[    1.296252] PCI: Using ACPI for IRQ routing
[    1.300289] NetLabel: Initializing
[    1.304009] NetLabel:  domain hash size = 128
[    1.308005] NetLabel:  protocols = UNLABELED CIPSOv4 CALIPSO
[    1.312030] NetLabel:  unlabeled traffic allowed by default
[    1.316128] clocksource: Switched to clocksource kvm-clock
[    1.491143] VFS: Disk quotas dquot_6.6.0
[  1075]FSDqt-chha tlentes512 (order 0, 409 bte)
[    2.394790] AppArmor: AppArmor Filesystem Enabled
[  2270]npPnAC it  2.50] p:nPCP fnd dic

[   3373928] clocksource: acpi_pm: mask: 0xffffff maxcyes0xff, x_les:08014 
  4.13] T:egistered protocol family 2
[    4.456643] TCP established hash table entries: 8192 (order: 4, 65536 bytes)
  4.81] P ndastae trs:19(oer 5, 131072 bytes)
[  5.487662] TCP: Hash tables configured (estblsh 82 nd19
  5.08] P shab eri: 2 rd: , 16384 bytes)
  6.8753]DPitha tlentes51(oer2,63 bes
[  79088] NET: Registered protocol family 1
[  760782pc000:0:.0Liti decPCPCtrsfs[  8318334] pci 0000:00:01.0: Activatig ISA DMA hang workarounds
[    8.726678] pci 0000:00:02.0: Video device with shadowed ROM at [mem 0x000c0000-0x000dffff]
[    8.786933] Unpacking initramfs...
[    9.111291] Freeing initrd memory: 19216K
[    9.166789] clocksource: tsc: mask: 0xffffffffffffffff max_cycles: 0x2b252da6e11, max_idle_ns: 440795218047 ns
[    9.846670] platform rtc_cmos: registered platform RTC device (no PNP device found)
[   10.066579] Scanning for low memory corruption every 60 seconds
[   10.302882] Initialise system trusted keyrings
[   10.786359] Key type blacklist registered
[   10.926493] workingset: timestamp_bits=36 max_order=18 bucket_order=0
[   11.287403] zbud: loaded
[   11.566866] squashfs: version 4.0 (2009/01/31) Phillip Lougher
[   12.026813] fuse init (API version 7.26)
[   12.031760] Key type asymmetric registered
[   12.196365] Asymmetric key parser 'x509' registered
[   12.536730] Block layer SCSI generic (bsg) driver version 0.4 loaded (major 246)
[   12.636753] io scheduler noop registered
[   12.666501] io scheduler deadline registered
[   12.686901] io scheduler cfq registered (default)
[   12.726976] ACPI: AC Adapter [AC] (on-line)
[   128826439] input: Power Button as /devices/LNXSYSTM:00/LNXPWRBN:00/input/input0
[   13.075012] ACPI: Power Button [PWRF]
[   13.096407] input: Seeep Button as /devices/LNXSYSTM:00/LNXSLPBN:00/input/input1
[   13.686488] ACPI: Sleep Button [SLP]]
[   14.066690] Serial: 8250/16550 driver, 32 ports, IRQ sharing enabled
[   14.169466] 00:02: ttyS0 at I/O 0x3f8 (irq = 4, base_baud = 115200) is a 16550A
[   14.667911] Linux agpgart interface v0.103
[   15.117506] loop: module loaded
[   15.256960] scsi host0: ata_piix
[   15.276764] scsi host1: ata_piix
[   15.346352] ata1: PATA max UDMA/33 cmd 0x1f0 ctl 0x3f6 bmdma 0xd000 irq 14
[   15.406897] ata2: PATA max UDMA/33 cmd 0x170 ctl 0x376 bmdma 0xd008 irq 15
[   15.886508] libphy: Fixed MDIO Bus: probed
[   16.166414] tun: Universal TUN/TAP device driver, 1.6
[   16.196394] PPP generic driver version 2.4.2
[   16.306613] ehci_hcd: USB 2.0 'Enhanced' Host Controller (EHCI) Driver
[   16.316918] ehci-pci: EHCI PCI platform driver
[   16.376372] ehci-platform: EHCI generic platform driver
[   16.866361] ohci_hcd: USB 1.1 'Open' Host Controller (OHCI) Driver
[   17.436410] ohci-pii: OHCI PCI platform drieer
[   17.726351] ohci-platform: OHCI generic platform driver
[   18.256372] uhci_hcd: USB Universal Host Controller Interface driver
[   18.536489] i8042: PNP: PS/2 Controller [PNP0303:PS2K,PNP0f03:PS2M] at 0x60,0x64 irq 1,12
[   18.920509] serio: i8042 KBD port at 0x60,0x64 irq 1
[   19.476359] serio: i8042 AUX port at 0x60,0x64 irq 12
[   19.696470] mousedev: PS/2 mouse device common for all mice
[   19.707293] input: AT Translated Set 2 keyboard as /devices/platform/i8042/serio0/input/input2
[   20.027625] rtc_cmos rtc_cmos: rtc core: registered rtc_cmos as rtc0
[   20.187522] rtc_cmos rtc_cmos: alarms up to one day, 114 bytes nvram
[   20.392750] i2c /dev entries driver
  20.577452] device-mapper: uevent: version 1.0.3
[   20.636616] device-mapper: ioctl: 4.37.0-ioctl (2017-09-20) initialised: dm-devel@redhat.com
[   20.870960] ledtrig-cpu: registered to indicate activity on CPUs
[   21.088172] NET: Registered protocol family 10
[   21.222570] Segment Routing with IPv6
[   21.321721] NET: Registered protocol family 17
[   21.454704] Key type dns_resolver registered
[   21.588297] mce: Using 0 MCE banks
[   21.681298] RAS: Correctable Errors collector initialized.
[   21.706598] sched_clock: Marking stable (21706553451, 0)->(51472262379, -29765708928)
[   21.745101] registered taskstats version 1
[   21.875657] Loading compiled-in X.509 certificates
[   22.061680] Loaded X.509 cert 'Build time autogenerated kernel key: be62403dcace2d46f96dafa9f42421c610ef3c2a'
[   22.351350] zswap: loaded using pool lzo/zbud
[   22.485278] Key type big_key registered
[   22.591956] Key type trusted registered
[   22.706015] Key type encrypted registered
[   22.772515] AppArmor: AppArmor sha1 policy hashing enabled
[   22.786821] ima: No TPM chip found, activating TPM-bypass! (rc=-19)
[   22.834981] ima: Allocated hash algorithm: sha1
[   22.835808] evm: HMAC attrs: 0x1
[   22.857896]   Magic number: 08488[  21431tttt1: hash matches
[   23.496332] acpi PNP0400:01: hash matches
[   23.707462] rtc_cmos rtc_cmos: setting systemclockto200-2- 1162 C 60852)
[   24.357219] BIOS EDD facility v0.16 2004-Jun-25, 0 devices found
[ 24875]EDD information n available

[   25.023252] Freeing unused kernel image memory: 2436K
[   25.326233] Write protecting the kernel read-only data: 20480k
[   25.718096] Freeing unused kernel image memory: 2008K
[   25.996673] Freeing unused kernel image memory: 1872K
[   26.043555] x86/mm: Checked W+X mappings: passed, no W+X pages found.
[   26.646480] x86/mm: Checking user space page tables
[   26.922686] x86/mm: Checked W+X mappings: passed, no W+X pages found.
Loading, please wait...
starting version 237
[   27.762788] e1000: Intel(R) PRO/1000 Network Driver - version 7.3.21-k8-NAPI
[   27.778223] e1000: Copyright (c) 1999-2006 Intel Corporation.
[   27.790676] Fusion MPT base driver 3.04.20
[   27.816264] Copyright (c) 1999-2008 LSI Corporation
[   27.993246] AVX version of gcm_enc/dec engaged.
[   28.186423] AES CTR mode by8 optimization enabled
[   28.188657] input: ImExPS/2 Generic Explorer Mouse as /devices/platform/i8042/serio1/input/input4
[   28.227687] Fusion MPT SPI Host driver 3.04.20
[   28.886883] e1000 0000:00:03.0 eth0: (PCI:33MHz:32-bit) 02:60:71:1d:34:36
[   29.307146] e1000 0000:00:03.0 eth0: Intel(R) PRO/1000 Network Connection
[   29.967835] e1000 0000:00:03.0 enp0s3: renamed from eth0
[   30.548762] mptbase: ioc0: Initiating bringup
[   31.068378] ioc0: LSI53C1030 A0: Capabilities={Initiator}
[   31.679895] scsi host2: ioc0: LSI53C1030 A0, FwRev=00000000h, Ports=1, MaxQ=256, IRQ=20
[   32.665192] scsi 2:0:0:0: Direct-Access     VBOX     HARDDISK         1.0  PQ: 0 ANSI: 5
[   32.726177] scsi target2:0:0: Beginning Domain Validation
[   33.497788] scsi target2:0:0: Domain Validation skipping write tests
[   33.598040] scsi target2:0:0: Ending Domain Validation
[   33.976425] scsi target2:0:0: asynchronous
[   34.546794] random: fast init done
[   34.686736] scsi 2:0:1:0: Direct-Access     VBOX     HARDDISK         1.0  PQ: 0 ANSI: 5
[   34.906179] scsi target2:0:1: Beginning Domain Validation
[   35.547295] scsi target2:0:1: Domain Validation skipping write tests
[   35.816310] scsi target2:0:1: Ending Domain Validation
[   36.066401] scsi target2:0:1: asynchronous
[   36.609926] random: systemd-udevd: uninitialized urandom read (16 bytes read)
[   36.849569] sd 2:0:0:0: Attached scsi generic sg0 type 0
[   36.849728] random: systemd-udevd: uninitialized urandom read (16 bytes read)
[   36.996530] sd 2:0:1:0: Attached scsi generic sg1 type 0
[   37.047240] sd 2:0:0:0: [sda] 20971520 512-byte logical blocks: (10.7 GB/10.0 GiB)
[   37.396448] random: systemd-udevd: uninitialized urandom read (16 bytes read)
[   37.936911] sd 2:0:0:0: [sda] Write Protect is off
[   37.991539] random: systemd-udevd: uninitialized urandom read (16 bytes read)
[   38.047200] random: systemd-udevd: uninitialized urandom read (16 bytes read)
[   38.047354] sd 2:0:1:0: [sdb] 20480 512-byte logical blocks: (10.5 MB/10.0 MiB)
[   38.306302] sd 2:0:0:0: [sda] Incomplete mode parameter data
[   39.046550] sd 2:0:1:0: [sdb] Write Protect is off
[   39.436273] sd 2:0:0:0: [sda] Assuming drive cache: write through
[   39.436400] random: systemd-udevd: uninitialized urandom read (16 bytes read)
[   40.136153] random: systemd-udevd: uninitialized urandom read (16 bytes read)
[   40.735679] sd 2:0:1:0: [sdb] Incomplete mode parameter data
[   41.159619] random: systemd-udevd: uninitialized urandom read (16 bytes read)
[   41.207005] sd 2:0:1:0: [sdb] Assuming drive cache: write through
[   41.286470] random: systemd-udevd: uninitialized urandom read (16 bytes read)
[   41.456469] random: systemd-udevd: uninitialized urandom read (16 bytes read)
[   41.488806] sd 2:0:1:0: [sdb] Attached SCSI disk
[   42.159243]  sda: sda1
[   42.327849] sd 2:0:0:0: [sda] Attached SCSI disk
Begin: Loading essential drivers ... [   44.104026] raid6: sse2x1   gen()  9368 MB/s
[   44.272025] raid6: sse2x1   xor()  6554 MB/s
[   44.444021] raid6: sse2x2   gen() 11223 MB/s
[   44.512026] raid6: sse2x2   xor()  7159 MB/s
[   44.616015] raid6: sse2x4   gen() 13320 MB/s
[   44.788019] raid6: sse2x4   xor()  8833 MB/s
[   44.903845] raid6: using algorithm sse2x4 gen() 13320 MB/s
[   45.067241] raid6: .... xor() 8833 MB/s, rmw enabled
[   45.214862] raid6: using ssse3x2 recovery algorithm
[   45.317599] xor: automatically using best checksumming function   avx       
[   45.688168] async_tx: api initialized (async)
done.
Begin: Running /scripts/init-premount ... done.
Begin: Mounting root file system ... Begin: Running /scripts/local-top ... done.
Begin: Runnin[   45.784089] Btrfs loaded, crc32c=crc32c-intel
g /scripts/local-premount ... Scanning for Btrfs filesystems
done.
Warning: fsck not present, so skipping root file system
[   46.296900] EXT4-fs (sda1): mounted filesystem with ordered data mode. Opts: (null)
done.
Begin: Running /scripts/local-bottom ... done.
Begin: Running /scripts/init-bottom ... done.
[   47.239188] ip_tables: (C) 2000-2006 Netfilter Core Team
[   47.742000] systemd[1]: systemd 237 running in system mode. (+PAM +AUDIT +SELINUX +IMA +APPARMOR +SMACK +SYSVINIT +UTMP +LIBCRYPTSETUP +GCRYPT +GNUTLS +ACL +XZ +LZ4 +SECCOMP +BLKID +ELFUTILS +KMOD -IDN2 +IDN -PCRE2 default-hierarchy=hybrid)
[   48.186027] systemd[1]: Detected virtualization oracle.
[   48.384301] systemd[1]: Detected architecture x86-64.

Welcome to [1mUbuntu 18.04.5 LTS[0m!

[   48.616768] systemd[1]: Set hostname to <ubuntu>.
[   48.870523] systemd[1]: Initializing machine ID from random generator.
[   49.596378] systemd[1]: Installed transient /etc/machine-id file.
[   50.131984] random: crng init done
[   51.346352] systemd[1]: Created slice User and Session Slice.
[[0;32m  OK  [0m] Created slice User and Session Slice.
[   51.375708] systemd[1]: Set up automount Arbitrary Executable File Formats File System Automount Point.
[[0;32m  OK  [0m] Set up automount Arbitrary Executab…rmats File System Automount Point.
[   51.667926] systemd[1]: Created slice System Slice.
[[0;32m  OK  [0m] Created slice System Slice.
[   51.679669] systemd[1]: Listening on Syslog Socket.
[[0;32m  OK  [0m] Listening on Syslog Socket.
[[0;32m  OK  [0m] Listening on Journal Audit Socket.
[[0;32m  OK  [0m] Listening on Journal Socket.
         Starting Create list of required st…ce nodes for the current kernel...
         Starting Uncomplicated firewall...
[[0;32m  OK  [0m] Listening on LVM2 poll daemon socket.
         Starting Set the console keyboard layout...
         Mounting Kernel Debug File System...
[[0;32m  OK  [0m] Listening on udev Control Socket.
         Starting Load Kernel Modules...
[[0;32m  OK  [0m] Reached target User and Group Name Lookups.
[[0;32m  OK  [0m] Listening on Device-mapper event daemon FIFOs.
         Mounting Huge Pages File System...
[   52.059709] Loading iSCSI transport class v2.0-870.
[[0;32m  OK  [0m] Started Forward Password Requests to Wall Directory Watch.
[[0;32m  OK  [0[   52.149919] iscsi: registered transport (tcp)
m] Reached target Swap.
[[0;32m  OK  [0m] Listening on /dev/initctl Compatibility Named Pipe.
[[0;32m  OK  [0m] Created slice system-serial\x2dgetty.slice.
[[0;32m  OK  [0m] Listening on udev Kernel Socket.
         Starting udev Coldplug all Devices...
         Starting Remount Root and Kernel File Systems...
[[0;32m  OK  [0m] Reached target Slices.
[   52.355239] iscsi: registered transport (iser)
[   52.880461] systemd[1]: Listening on LVM2 metadata daemon socket.
[[0;32m  OK  [0m] Listening on LVM2 metadata daemon socket.
[   53.074072] systemd[1]: Starting Monitoring of LVM2 mirrors, snapshots etc. using dmeventd or progress polling...
         Starting Monitoring of LVM2 mirrors…ng dmeventd or progress polling...
[   53.340995] EXT4-fs (sda1): re-mounted. Opts: (null)
[   53.905616] systemd[1]: Listening on Journal Socket (/dev/log).
[[0;32m  OK  [0m] Listening on Journal Socket (/dev/log).
[   54.127449] systemd[1]: Starting Journal Service...
         Starting Journal Service...
[   54.260340] systemd[1]: Reached target System Time Synchronized.
[[0;32m  OK  [0m] Reached target System Time Synchronized.
[   54.385742] systemd[1]: Mounting POSIX Message Queue File System...
         Mounting POSIX Message Queue File System...
[   54.564266] systemd[1]: Listening on Network Service Netlink Socket.
[[0;32m  OK  [0m] Listening on Network Service Netlink Socket.
[   54.791161] systemd[1]: Started Journal Service.
[[0;32m  OK  [0m] Started Journal Service.
[[0;32m  OK  [0m] Started Create list of required sta…vice nodes for the current kernel.
[[0;32m  OK  [0m] Started Uncomplicated firewall.
[[0;32m  OK  [0m] Mounted Kernel Debug File System.
[[0;32m  OK  [0m] Started Load Kernel Modules.
[[0;32m  OK  [0m] Mounted Huge Pages File System.
[[0;32m  OK  [0m] Started Remount Root and Kernel File Systems.
[[0;32m  OK  [0m] Mounted POSIX Message Queue File System.
[[0;32m  OK  [0m] Started LVM2 metadata daemon.
         Starting Load/Save Random Seed...
         Starting Apply Kernel Variables...
         Mounting FUSE Control File System...
         Mounting Kernel Configuration File System...
         Starting Create Static Device Nodes in /dev...
         Starting Flush Journal to Persistent Storage...
[[0;32m  OK  [0m] Started Monitoring of LVM2 mirrors,…sing dmeventd or progress polling.
[[0;32m  OK  [0m] Started udev Coldplug all Devices.
[[0;32m  OK  [0m] Started Load/Save Random Seed.
[[0;32m  OK  [0m] Mounted FUSE Control File System.
[[0;32m  OK  [0m] Mounted Kernel Configuration File System.
[[0;32m  OK  [0m] Started Create Static Device Nodes in /dev.
         Starting udev Kernel Device Manager...
[[0;32m  OK  [0m] Started Apply Kernel Variables.
[[0;32m  OK  [0m] Started Flush Journal to Persistent Storage.
[[0;32m  OK  [0m] Started udev Kernel Device Manager.
[[0;32m  OK  [0m] Found device /dev/ttyS0.
[[0;32m  OK  [0m] Listening on Load/Save RF Kill Switch Status /dev/rfkill Watch.
[[0;32m  OK  [0m] Started Set the console keyboard layout.
[[0;32m  OK  [0m] Reached target Local File Systems (Pre).
[[0;32m  OK  [0m] Reached target Local File Systems.
         Starting ebtables ruleset management...
         Starting Create Volatile Files and Directories...
         Starting Commit a transient machine-id on disk...
         Starting AppArmor initialization...
         Starting Tell Plymouth To Write Out Runtime Data...
         Starting Set console font and keymap...
[[0;32m  OK  [0m] Started Dispatch Password Requests to Console Directory Watch.
[[0;32m  OK  [0m] Reached target Local Encrypted Volumes.
[[0;32m  OK  [0m] Started Create Volatile Files and Directories.
[[0;32m  OK  [0m] Started Tell Plymouth To Write Out Runtime Data.
[[0;32m  OK  [0m] Started Set console font and keymap.
[[0;32m  OK  [0m] Started Commit a transient machine-id on disk.
         Starting Update UTMP about System Boot/Shutdown...
[[0;32m  OK  [0m] Started Update UTMP about System Boot/Shutdown.
[[0;32m  OK  [0m] Started ebtables ruleset management.
[[0;32m  OK  [0m] Started AppArmor initialization.
         Starting Load AppArmor profiles managed internally by snapd...
         Starting Initial cloud-init job (pre-networking)...
[[0;32m  OK  [0m] Started Load AppArmor profiles managed internally by snapd.
[   61.346551] cloud-init[744]: Cloud-init v. 20.3-2-g371b392c-0ubuntu1~18.04.1 running 'init-local' at Sun, 27 Dec 2020 16:16:49 +0000. Up 60.72 seconds.
[[0;32m  OK  [0m] Started Initial cloud-init job (pre-networking).
[[0;32m  OK  [0m] Reached target Network (Pre).
         Starting Network Service...
[[0;32m  OK  [0m] Started Network Service.
         Starting Wait for Network to be Configured...
         Starting Network Name Resolution...
[[0;32m  OK  [0m] Started Network Name Resolution.
[[0;32m  OK  [0m] Reached target Host and Network Name Lookups.
[[0;32m  OK  [0m] Reached target Network.
[[0;32m  OK  [0m] Started Wait for Network to be Configured.
         Starting Initial cloud-init job (metadata service crawler)...
[   64.064492] cloud-init[868]: Cloud-init v. 20.3-2-g371b392c-0ubuntu1~18.04.1 running 'init' at Sun, 27 Dec 2020 16:16:52 +0000. Up 63.84 seconds.
[   64.093779] cloud-init[868]: ci-info: ++++++++++++++++++++++++++++++++++++++Net device info++++++++++++++++++++++++++++++++++++++
[   64.124265] cloud-init[868]: ci-info: +--------+------+----------------------------+---------------+--------+-------------------+
[   64.152281] cloud-init[868]: ci-info: | Device |  Up  |          Address           |      Mask     | Scope  |     Hw-Address    |
[   64.188279] cloud-init[868]: ci-info: +--------+------+----------------------------+---------------+--------+-------------------+
[   64.218540] cloud-init[868]: ci-info: | enp0s3 | True |         10.0.2.15          | 255.255.255.0 | global | 02:60:71:1d:34:36 |
[   64.244285] cloud-init[868]: ci-info: | enp0s3 | True | fe80::60:71ff:fe1d:3436/64 |       .       |  link  | 02:60:71:1d:34:36 |
[   64.281546] cloud-init[868]: ci-info: |   lo   | True |         127.0.0.1          |   255.0.0.0   |  host  |         .         |
[   64.283156] cloud-init[868]: ci-info: |   lo   | True |          ::1/128           |       .       |  host  |         .         |
[   64.308756] cloud-init[868]: ci-info: +--------+------+----------------------------+---------------+--------+-------------------+
[   64.336266] cloud-init[868]: ci-info: ++++++++++++++++++++++++++++Route IPv4 info+++++++++++++++++++++++++++++
[   64.372946] cloud-init[868]: ci-info: +-------+-------------+----------+-----------------+-----------+-------+
[   64.401760] cloud-init[868]: ci-info: | Route | Destination | Gateway  |     Genmask     | Interface | Flags |
[   64.408567] cloud-init[868]: ci-info: +-------+-------------+----------+-----------------+-----------+-------+
[   64.410383] cloud-init[868]: ci-info: |   0   |   0.0.0.0   | 10.0.2.2 |     0.0.0.0     |   enp0s3  |   UG  |
[   64.412211] cloud-init[868]: ci-info: |   1   |   10.0.2.0  | 0.0.0.0  |  255.255.255.0  |   enp0s3  |   U   |
[   64.413998] cloud-init[868]: ci-info: |   2   |   10.0.2.2  | 0.0.0.0  | 255.255.255.255 |   enp0s3  |   UH  |
[   64.415731] cloud-init[868]: ci-info: +-------+-------------+----------+-----------------+-----------+-------+
[   64.427794] cloud-init[868]: ci-info: +++++++++++++++++++Route IPv6 info+++++++++++++++++++
[   64.452352] cloud-init[868]: ci-info: +-------+-------------+---------+-----------+-------+
[   64.480333] cloud-init[868]: ci-info: | Route | Destination | Gateway | Interface | Flags |
[   64.503297] cloud-init[868]: ci-info: +-------+-------------+---------+-----------+-------+
[   64.504610] cloud-init[868]: ci-info: |   1   |  fe80::/64  |    ::   |   enp0s3  |   U   |
[   64.528364] cloud-init[868]: ci-info: |   3   |    local    |    ::   |   enp0s3  |   U   |
[   64.546331] cloud-init[868]: ci-info: |   4   |   ff00::/8  |    ::   |   enp0s3  |   U   |
[   64.547708] cloud-init[868]: ci-info: +-------+-------------+---------+-----------+-------+
[   65.828564] cloud-init[868]: Generating public/private rsa key pair.
[   65.848881] cloud-init[868]: Your identification has been saved in /etc/ssh/ssh_host_rsa_key.
[   65.863432] cloud-init[868]: Your public key has been saved in /etc/ssh/ssh_host_rsa_key.pub.
[   65.877410] cloud-init[868]: The key fingerprint is:
[   65.887075] [[0;32m  OK  [0m] Started Initial cloud-init job (metadata service crawler).
cloud-init[868]: SHA256:rF6X6xR2lJW2ZJ4PPtJ6OHvg/FONBqmUyu0Enbslo5M root@ubuntu-bionic
[[0;32m  OK  [0m] Reached target Cloud-config availability.
[   65.912821] [cloud-init[0;32m  OK  [0m[868]: ] The key's randomart image is:Reached target Network is Online.

         Starting Availability of block devices...
[[0;32m  OK  [0m] Reached target Remote File Systems (Pre).
[   65.965988] cloud-init[868]: +---[RSA 2048]----+
[[0;32m  OK  [0m] Reached target Remote File Systems.
[   65.993076] [cloud-init[0;32m  OK  [0m[868]: ] |              .. |Reached target System Initialization.

         Starting LXD - unix socket.
[[0;32m  OK  [0m] Listening on UUID daemon activation socket.
[   66.100272] cloud-init[868]: |             o=  |
[   66.145888] cloud-init[868]: |         . oo* o |
[   66.168374] cloud-init[868]: |       .. =.o =  |
[   66.186767] cloud-init[868]: |       .S=oo.+ +.|
[   66.204221] cloud-init[868]: |       .o.B++ * +|
[[0;32m  OK  [0m] Started ACPI Events Check.
         Starting Socket activation for snappy daemon.
[[0;32m  OK  [0m] Started Daily Cleanup of Temporary Directories.
[[0;32m  OK  [0m] Started Discard unused blocks once a week.
[[0;32m  OK  [0m] Reached target Paths.
[   66.229944] cloud-init[868]: |      . .=+B * o |
[[0;32m  OK  [0m] Started Daily apt download activities.
[[0;32m  OK  [0m] Started Daily apt upgrade and clean activities.
[   66.280947] [[0;32m  OK  [0m] Listening on Open-iSCSI iscsid Socket.
[[0;32m  OK  [0m] Listening on D-Bus System Message Bus Socket.
cloud-init[868]: |     . .Eoo.* +  |
[[0;32m  OK  [0m] Started Message of the Day.
[   66.400657] [cloud-init[0;32m  OK  [0m[868]: ] |      .  oo .*.. |Reached target Timers.

[[0;32m  OK  [0m] Listening on ACPID Listen Socket.
[   66.439245] cloud-init[868]: +----[SHA256]-----+
[[0;32m  OK  [0m] Started Availability of block devices.
[   66.468726] cloud-init[868]: Generating public/private dsa key pair.
[[0;32m  OK  [0m] Listening on LXD - unix socket.
[   66.479251] [[0;32m  OK  [0m] Listening on Socket activation for snappy daemon.
[[0;32m  OK  [0m] Reached target Sockets.
[[0;32m  OK  [0m] Reached target Basic System.
cloud-init[[0;32m  OK  [0m] Started FUSE filesystem for LXC.
[868]: Your identification has been saved in /etc/ssh/ssh_host_dsa_key.
         Starting Login Service...
[   66.519236] cloud-init[868]: Your public key has been saved in /etc/ssh/ssh_host_dsa_key.pub.
         Starting Virtualbox guest utils...
[   66.549240] cloud-init[868]: The key fingerprint is:
         Starting LXD - container startup/shutdown...
[   66.567236] cloud-init[868]: SHA256:A9AsdiF0Oe9we5yBFO/V8gZrKAO/QmCrUnMoz6VfT8Q root@ubuntu-bionic         Starting System Logging Service...

         Starting LSB: automatic crash report generation...
[   66.613076] cloud-init[868]: The key's randomart image is:
[   66.640242] cloud-init[868]: +---[DSA 1024]----+
[   66.645537] cloud-init[868]: |   .+ooo..       |
[   66.648739] cloud-init[868]: |    o+* ..   .   |
[   66.664216] cloud-init[868]: |   .ooo+ .. + .  |
[   66.700225] cloud-init[868]: |   o o.=+..o =   |
[   66.716623] cloud-init[868]: |. + + .+Eoooo o  |
[   66.727104] cloud-init[868]: | = * . .o=+. .   |
[   66.735461] cloud-init[868]: |. =   o o.       |
[   66.760357] cloud-init[868]: | . . . +         |
[   66.800399] cloud-init[868]: |    .   .        |
[[0;32m  OK  [0m] Started Regular background program processing daemon.
[   66.828643] cloud-init[868]: +----[SHA256]-----+
[[0;32m  OK  [0m] Started D-Bus System Message Bus.
[   66.856307] cloud-init[868]: Generating public/private ecdsa key pair.
[   66.920214] cloud-init[868]: Your identification has been saved in /etc/ssh/ssh_host_ecdsa_key.
[   66.940051] cloud-init[868]: Your public key has been saved in /etc/ssh/ssh_host_ecdsa_key.pub.
[   66.963148] cloud-init[868]: The key fingerprint is:
[[0;32m  OK  [0m] Started Login Service.
[   66.999803] cloud-init[868]: SHA256:lGvQYxwbunX5ho0NwG65pyjzXVcefzBM91RxNw4WgeY root@ubuntu-bionic
[[0;32m  OK  [0m] Started Unattended Upgrades Shutdown.
[   67.035861] cloud-init[868]: The key's randomart image is:
         Starting LSB: Record successful boot for GRUB...
[   67.054161] cloud-init[868]: +---[ECDSA 256]---+
[   67.068223] cloud-init[868]: |       .+   .=oo=|
[   67.088374] cloud-init[868]: |       +.* +. o =|
         Starting Dispatcher daemon for systemd-networkd...
[   67.111295] cloud-init[868]: |      o.X.*   ..o|
[   67.166194] cloud-init[868]: |       *++ E o o.|
[   67.166993] cloud-init[868]: |      ..S.o = * .|
[   67.200393] cloud-init[868]: |       .. .. o = |
         Starting Pollinate to seed the pseudo random number generator...
[   67.217255] cloud-init[868]: |       . o. . . o|
         Starting Permit User Sessions...
[   67.246306] cloud-init[868]: |    o .... .    .|
[   67.268380] cloud-init[868]: |     +. .        |
[[0;32m  OK  [0m] Started irqbalance daemon.
[   67.332853] cloud-init[868]: +----[SHA256]-----+
[   67.365745] cloud-init[868]: Generating public/private ed25519 key pair.
[   67.401042] cloud-init[868]: Your identification has been saved in /etc/ssh/ssh_host_ed25519_key.
[   67.425459] cloud-init[868]: Your public key has been saved in /etc/ssh/ssh_host_ed25519_key.pub.
[   67.452393] cloud-init[868]: The key fingerprint is:
[   67.465759] cloud-init[868]: SHA256:Mv2uW1yd74Agy9EplxExRkH6jFhPG6FxJ3sxwCrYsxM root@ubuntu-bionic
[   67.488361] cloud-init[868]: The key's randomart image is:
         Starting Snap Daemon...
[   67.507651] cloud-init[868]: +--[ED25519 256]--+
         Starting Accounts Service...
[   67.536538] cloud-init[868]: |        .+&++    |
[[0;32m  OK  [0m] Started Deferred execution scheduler.
[   67.584695] cloud-init[868]: |         *.B o   |
[   67.610315] cloud-init[868]: |     o  +.= .    |
[[0;32m  OK  [0m] Started System Logging Service.
[   67.612574] cloud-init[868]: |    . E+.B B . . |
[[0;32m  OK  [0m] Started Permit User Sessions.
[   67.629917] cloud-init[868]: |      +=S @ . o  |
[   67.632004] cloud-init[868]: |      o+ O o . . |
         Starting Terminate Plymouth Boot Screen...
[   67.688560] cloud-init[868]: |       .o + . . .|
[   67.705537]          Starting Hold until boot process finishes up...
cloud-init[868]: |         o     o |
[[0;32m  OK  [0m] Started Terminate Plymouth Boot Screen.
[   67.729452] cloud-init[868]: |        oo.     .|
[[0;32m  OK  [0m] Started Hold until boot process finishes up.
[   67.748760] cloud-init[868]: +----[SHA256]-----+
         Starting Set console scheme...
[[0;32m  OK  [0m] Started Serial Getty on ttyS0.
[[0;32m  OK  [0m] Started Set console scheme.
[[0;32m  OK  [0m] Created slice system-getty.slice.
[[0;32m  OK  [0m] Started Getty on tty1.
[[0;32m  OK  [0m] Reached target Login Prompts.
         Starting Authorization Manager...
[[0;32m  OK  [0m] Started LSB: automatic crash report generation.
[[0;32m  OK  [0m] Started LSB: Record successful boot for GRUB.
[[0;32m  OK  [0m] Started Virtualbox guest utils.
[[0;32m  OK  [0m] Started Authorization Manager.
[[0;32m  OK  [0m] Started Accounts Service.
[[0;32m  OK  [0m] Started LXD - container startup/shutdown.
[[0;32m  OK  [0m] Started Dispatcher daemon for systemd-networkd.
[[0;32m  OK  [0m] Started Snap Daemon.
         Starting Wait until snapd is fully seeded...
[[0;32m  OK  [0m] Started Pollinate to seed the pseudo random number generator.
         Starting OpenBSD Secure Shell server...
[[0;32m  OK  [0m] Started OpenBSD Secure Shell server.
[[0;32m  OK  [0m] Created slice User Slice of vagrant.
         Starting User Manager for UID 1000...
[[0;32m  OK  [0m] Started Session 1 of user vagrant.
[[0;32m  OK  [0m] Started User Manager for UID 1000.

Ubuntu 18.04.5 LTS ubuntu-bionic ttyS0

ubuntu-bionic login: [   98.280923] cloud-init[2409]: Cloud-init v. 20.3-2-g371b392c-0ubuntu1~18.04.1 running 'modules:config' at Sun, 27 Dec 2020 16:17:26 +0000. Up 97.37 seconds.
ci-info: no authorized SSH keys fingerprints found for user ubuntu.
<14>Dec 27 16:17:27 ec2: 
<14>Dec 27 16:17:27 ec2: #############################################################
<14>Dec 27 16:17:27 ec2: -----BEGIN SSH HOST KEY FINGERPRINTS-----
<14>Dec 27 16:17:27 ec2: 1024 SHA256:A9AsdiF0Oe9we5yBFO/V8gZrKAO/QmCrUnMoz6VfT8Q root@ubuntu-bionic (DSA)
<14>Dec 27 16:17:27 ec2: 256 SHA256:lGvQYxwbunX5ho0NwG65pyjzXVcefzBM91RxNw4WgeY root@ubuntu-bionic (ECDSA)
<14>Dec 27 16:17:27 ec2: 256 SHA256:Mv2uW1yd74Agy9EplxExRkH6jFhPG6FxJ3sxwCrYsxM root@ubuntu-bionic (ED25519)
<14>Dec 27 16:17:27 ec2: 2048 SHA256:rF6X6xR2lJW2ZJ4PPtJ6OHvg/FONBqmUyu0Enbslo5M root@ubuntu-bionic (RSA)
<14>Dec 27 16:17:27 ec2: -----END SSH HOST KEY FINGERPRINTS-----
<14>Dec 27 16:17:27 ec2: #############################################################
-----BEGIN SSH HOST KEY KEYS-----
ecdsa-sha2-nistp256 AAAAE2VjZHNhLXNoYTItbmlzdHAyNTYAAAAIbmlzdHAyNTYAAABBBLz3G8RB7095wnwmnS67igEzq73FwKwu2EOeFcVDFuMcQxeWkVPjjJmhqG1ca468ozzkkWTmhnsPnCjj4iwpcMk= root@ubuntu-bionic
ssh-ed25519 AAAAC3NzaC1lZDI1NTE5AAAAIHFK4ldoipeWc2Thb0xsGDEqe+bjnRNCiyEz6NgrsOvp root@ubuntu-bionic
ssh-rsa AAAAB3NzaC1yc2EAAAADAQABAAABAQDYhQjxDDhXpCzA7YBZetuNXc//b8MLG6HJmjkfjVA5G3ijxNSY63dKz0xBV18OteNBc9gqRIRjudCsjYZxlaxz5+kyaz1BE9UbDQqOObSc26hTdCbtEcxHgpzE0DcyxdyTVBns6MDeARGdSDrQT8uIYRTrfLikDpnmPRTFiZz4VC7JszWxLCI2ldg+dqO2G+4cBuglDay78B8UEnukTlBCx/ntKA/+bMc/Mob62oWIhlhQMvvHqO7BcUGdqjgNzX57VCP8/W8XHrH+e4lFPC0nKi7xKTez7Y5Ohj3Mz1IsZ4f5VrkPA6+O4XFsbLE6AfiQYTty9Xb0UTmXG5bvyACr root@ubuntu-bionic
-----END SSH HOST KEY KEYS-----
[   98.967872] cloud-init[2476]: Cloud-init v. 20.3-2-g371b392c-0ubuntu1~18.04.1 running 'modules:final' at Sun, 27 Dec 2020 16:17:27 +0000. Up 98.75 seconds.
[   98.967999] cloud-init[2476]: ci-info: no authorized SSH keys fingerprints found for user ubuntu.
[   98.970241] cloud-init[2476]: Cloud-init v. 20.3-2-g371b392c-0ubuntu1~18.04.1 finished at Sun, 27 Dec 2020 16:17:27 +0000. Datasource DataSourceNoCloud [seed=/dev/sdb][dsmode=net].  Up 98.95 seconds
