[    0.000000] Linux version 4.15.0-124-generic (buildd@lgw01-amd64-029) (gcc version 7.5.0 (Ubuntu 7.5.0-3ubuntu1~18.04)) #127-buntu SMP Fri Nov 6 10:54:43 UTC 2020 (Ubutu 4.15.0-24.127-genric 4.15.18)
[    0.000000] Command line: BOOT_IMAGE=/boot/vmlinuz-4.15.0-124-generic root=LABEL=cloudimg-rootfs ro console=tty1 console=ttyS0
[    0.000000] KERNEL supported cpus:
[    0.00000]   Intel GenuineIntel
[    0.000000]   AMD AuthenticAMD
[   0.000000]   Centaur CentaurHauls
[    0.000000] x86/fpu: Supporting XSAVE feature 0x001: 'x87 floating point registers'
[    0.000000] x86/fpu: Supporting XSAVE feature 0x002: 'SSE registrs
[    0.000000] x86/fpu: Supporting XSAVE feature 0x004: 'AVX registers'
[    0.000000] x86/fpu: xstate_offset[2]:  576, xstate_sizes[2]:  256
[    0.000000] x86/fpu: Enabled xstate features 0x7, context size is 832 bytes, using 'standard' format.
[    0.000000] e820: BIOS-provided physical RAM map:
[    0.000000] BIOS-e820: [mem 0x0000000000000000-0x000000000009fbff] usable
[    0.00000] BIOS-e820: [mem 0x000000000009fc00-0x000000000009ffff] reserved
[    0.000000] BIOS-e820: [mem 0x00000000000f0000-0x00000000000fffff] reserved
[    0.000000] BIOS-e820: [mem 0x0000000000100000-0x000000003ffeffff] usable
[    0.000000] BIOS-e820: [mem 0x000000003fff0000-0x000000003fffffff] ACPI data
[    0.0000] BIOS-e820: [mem 0x00000000fec00000-0x00000000fec00fff] reserved
[    0.000000] BIOS-e820: [mem 0x00000000fee00000-0x00000000fee00fff] reserved
[    0.000000] BIOS-e820: [mem 0x00000000fffc0000-0x00000000ffffffff] reserved
[    0.000000] NX (Execute Disable) protection: active
[    0.000000] SMBIOS 2.5 present.
[    0.000000] DMI: innotek GmbH VirtualBox/VirtualBox, BIOS VirtualBox 12/01/2006
[    0.000000] Hypervisor detected: KVM
[    0.00000 e820: last_pfn = 0x3ff0 max_arch_pfn = 0x400000000
[    0.000000] MTRR: Disabled
[    0.000000] x86/PAT: MTRRs disabled, skippin PATinitialization too.
[    0.000000] CPU MTRRs all blank - virtualized system.
[    0.000000] x86/PAT: Configuration [0-7]: WB  WT  UC- UC  WB W  UC- UC  
[    0.000000] found SMP MP-table at [mem 0x0009fff0-0x0009ffff]
[    0.000000] Scanning 1 areas for low memory corruption
[    0.000000] RAMDISK: [mem 0x35a67000-0x36d2afff]
[   0.000000] ACPI: Early table checksum verification disabled
[    0.000000] ACPI: RSDP 0x00000000000E0000 000024 (v02 VBOX  )
[    0.000000] ACPI: XSDT 0x000000003FFF0030 00003C (v01 VBOX   VBOXXSDT 00000001 ASL  00000061)
[    0.000000] ACPI: FACP 0x000000003FFF00F0 0000F4 (v04 VBOX   VBOXFACP 00000001 ASL  00000061)
[    0.000000] ACPI: DSDT 0x000000003FFF0470 0021FF (v02 VBOX   VBOXBIOS 00000002 INTL 20180105)
[    0.000000] ACPI: FACS 0x000000003FFF0200 000040
[    0.000000] ACPI: FACS 0x000000003FFF0200 000040
[    0.000000] ACPI: APIC 0x000000003FFF0240 00005C (v02 VBOX   VBOXAPIC 0000001 ASL  00000061)
[   0.00000] ACPI: SSDT 0x000000003FFF02A0 0001CC (v01 VBOX   VBOXCPUT 00000002 INTL 20180105)
[    0.000000] No NUMA configuration found
[    0.000000] Faking a node at [mem 0x0000000000000000-0x000000003ffeffff]
[    0.000000] NODE_DATA(0) allocated [mem 0x3ffc5000-0x3ffeffff]
[    0.000000] kvm-clock: cpu 0, msr 0:3ff44001, primary cpu clock
[    0.000000] kvm-clock: Using msrs 4b564d01 and 4b564d00
[    0.000000] kvm-clock: using sched offset of 3825878952 cycles
[    0.000000] clocksource: kvm-clock: mask: 0xffffffffffffffff max_cycles: 0x1cd42e4dffb, max_idle_ns: 881590591483 ns
[    0.000000] Zone ranges:
[    0.000000]   DMA      [mem 0x0000000000001000-0x0000000000ffffff]
[    0.000000]   DMA32    [mem 0x0000000001000000-0x000000003ffeffff]
[    0.000000]   Normal   empty
[    0.000000]   Device   empty
[    0.000000] Movable zone start for each node
[    0.000000] Early memory node ranges
[    0.000000]   node   0: [mem 0x0000000000001000-0x000000000009efff]
[    0.000000]   node   0: [mem 0x0000000000100000-0x000000003ffeffff]
[    0.000000] Reserved but unavailable: 98 pages
[    0.000000] Initmem setup node 0 [mem 0x0000000000001000-0x000000003ffeffff]
[    0.000000] ACPI: PM-Timer IO Port: 0x4008
[    0.000000] IOAPIC[0]: apic_id 2, version 32, address 0xfec00000, GSI 0-23
[    0.000000] ACPI: INT_SRC_OVR (bus 0 bus_irq 0 global_irq 2 dfl dfl)
[    0.000000] ACPI: INT_SRC_OVR (bus 0 bus_irq 9 global_irq 9 low level)
[    0.000000] Using ACPI (MADT) for SMP configuration information
[    0.000000] smpboot: Allowing 2 CPUs, 0 hotplug CPUs
[    0.000000] PM: Registered nosave memory: [mem 0x00000000-0x00000fff]
[    0.000000] PM: Registered nosave memory: [mem 0x0009f000-0x0009ffff]
[    0.00000] PM: Registered nosave memory: [mem x000a0000-0x000effff]
[    0.000000] PM: Registered nosave memory: [mem 0x000f0000-0x000fffff]
[    0.000000] e820: [mem 0x40000000-0xfebfffff] available for PCI devices
[    0.000000] Booting paravirtualized kernel on KVM
[    0.000000] clocksource: refined-jiffies: mask: 0xffffffff max_cycles: 0xffffffff, max_idle_ns: 7645519600211568 ns
[    0.000000] random: get_random_bytes called ro start_kernel+0x99/0x500 with crng_init=0
[    0.000000] setup_ercpu: NR_CPUS:819nr_cpumask_bits:2 nr_cpu_ids:2 nr_node_ids:1
[    0.000000] percpu: Embedded 45 pages/cpu s147456 r8192 d28672 u1048576
[    0.000000] PV qspinlock hash table entries: 256 (order: 0, 4096 bytes)
[    0.000000] Built 1 zonelists, mobility grouping on.  Total pages: 257913
[    0.000000] Policy zone: DMA32
[    0.000000] Kernel command line: BOOT_IMAGE=/boot/vmlinuz-4.15.0-124-generic root=LABEL=cloudig-rootfs ro console=tty1 console=ttyS0
   0.000000] Memory: 983032K/1048120K available (12300K kernel code, 2482K rwdata, 4272K rodata, 2436K init, 2724K bss, 65088K reserved, 0K cma-reserved)
[    0.000000] SLUB: HWalign=64, Order=0-3, MinObjects=0, CPUs=2, Nodes=1
[    0.000000] Kernel/User page tables isolation: enabled
[    0.000000] ftrace: allocating 39402 entries in 154 pages
[    0.004000] Hierarchical RCU implementation.
[    0.004000] 	RCU restricting CPUs from NR_CPUS=8192 to nr_cpu_ids=2.
[    0.004000] 	Tasks RCU enabled.
[    0.004000] RCU: Adjusting geometry for rcu_fanout_leaf=16, nr_cpu_ids=2
[    0.004000] NR_IRQS: 524544, nr_irqs: 440, preallocated irqs: 16
[    0.004000] Console: colour VGA+ 80x25
[    0.004000] console [tty1] enabled
[    0.004000] console [ttyS0] enabled
[    0.004000] ACPI: Core revision 20170831
[    0.004000] ACPI: 2 AC AML tables successfully acquired nd loaded
[    0.004000] APIC: Switch tosymmetric I/O mode setup
[    0.004274] x2apic enabled
[    0.008010] Switched APIC routing to physical x2apic.
[    0.013133] ..TIMER: vector=0x30 apic1=0 pin1=2 apic2=-1 pin2=-1
[    0.016004] tsc: Detected 2993.200 MHz processor
[    0.020014] Calibrating delay loop (skipped) preset value.. 5986.40 BogoMIPS (lpj=11972800)
[    0.024006] pid_max: default: 32768 minimum: 301
[    0.028043] Security Framework initialized
[    0.032004] Yama: becoming mindful.
[    0.036032] AppArmor: AppArmor initialized
[    0.040776] Dentry cache hash table entries: 131072 (order: 8, 1048576 bytes)
[    0.044082] Inode-cache hash table entries: 65536 (order: 7, 524288 bytes)
[    0.048043] Mount-cache hash table entries: 2048 (order: 2, 16384 bytes)
[    0.052022] Mountpoint-cache hash table entries: 2048 (order: 2, 16384 bytes)
[    0.056356] Last level iTLB entries: 4KB 512, 2MB 8, 4MB 8
[    0.060005] Last level dTLB entries: 4KB 512, 2MB 32, 4MB 32, 1GB 0
[    0.064004] Spectre V1 : Mitigation: usercopy/swapgs barriers and __user pointer sanitization
[    0.068006] Spectre V2 : Mitigation: Full generic retpoline
[    0.072002] Spectre V2 : Spectre v2 / SpectreRSB mitigation: Filling RSB on context switch
[    0.076003] Speculative Store Bypass: Vulnerable
[    0.080060] MDS: Mitigation: Clear CPU buffers
[    0.084170] Freeing SMP alternatives memory: 36K
[    0.198772] smpboot: CPU0: Intel(R) Core(TM) i5-2320 CPU @ 3.00GHz (family: 0x6, model: 0x2a, stepping: 0x7)
[    0.200109] Performance Events: unsupported p6 CPU model 42 no PMU driver, software events only.
[    0.204056] Hierarchical SRCU implementation.
[    0.212628] NMI watchdog: Perf event create on CPU 0 failed with -2
[    0.216003] NMI watchdog: Perf NMI watchdog permanently disabled
[    0.220063] smp: Bringing up secondary CPUs ...
[    0.224113] x86: Booting SMP configuration:
[    0.228011] .... node  #0, CPUs:      #1
[    0.004000] kvm-clock: cpu 1, msr 0:3ff44041, secondary cpu clock
[    0.280000] smp: Brought up 1 node, 2 CPUs
[    0.280012] smpboot: Max logical packages: 1
[    0.281993] smpboot: Total of 2 processors activated (11972.80 BogoMIPS)
[    0.284184] devtmpfs: initialized
[    0.288062] x86/mm: Memory block size: 128MB
[    0.292151] evm: security.selinux
[    0.296008] evm: security.SMACK64
[    0.300003] evm: security.SMACK64EXEC
[    0.304003] evm: security.SMACK64TRANSMUTE
[    0.308003] evm: security.SMACK64MMAP
[    0.312002] evm: security.apparmor
[    0.316002] evm: security.ima
[    0.320005] evm: security.capability
[    0.324114] clocksource: jiffies: mask: 0xffffffff max_cycles: 0xffffffff, max_idle_ns: 7645041785100000 ns
[    0.328025] futex hash table entries: 512 (order: 3, 32768 bytes)
[    0.332693] pinctrl core: initialized pinctrl subsystem
[    0.336147] RTC time: 16:03:14, date: 12/27/20
[    0.340252] NET: Registered protocol family 16
[    0.344092] audit: initializing netlink subsys (disabled)
[    0.348059] audit: type=2000 audit(1609084978.720:1): state=initialized audit_enabled=0 res=1
[    0.724012] cpuidle: using governor ladder
[    0.728010] cpuidle: using governor menu
[    0.732075] ACPI: bus type PCI registered
[    0.736009] acpiphp: ACPI Hot Plug PCI Controller Driver version: 0.5
[    0.737205] PCI: Using configuration type 1 for base access
[    0.744640] HugeTLB registered 2.00 MiB page size, pre-allocated 0 pages
[    0.748101] ACPI: Added _OSI(Module Device)
[    0.748853] ACPI: Added _OSI(Processor Device)
[    0.752016] ACPI: Added _OSI(3.0 _SCP Extensions)
[    0.756010] ACPI: Added _OSI(Processor Aggregator Device)
[    0.760006] ACPI: Added _OSI(Linux-Dell-Video)
[    0.764004] ACPI: Added _OSI(Linux-Lenovo-NV-HDMI-Audio)
[    0.768003] ACPI: Added _OSI(Linux-HPI-Hybrid-Graphics)
[    0.772309] ACPI: Executed 1 blocks of module-level executable AML code
[    0.782281] ACPI: Interpreter enabled
[    0.784016] ACPI: (supports S0 S5)
[    0.788013] ACPI: Using IOAPIC for interrupt routing
[    0.792303] PCI: Using host bridge windows from ACPI; if necessary, use "pci=nocrs" and report a bug
[    0.796212] ACPI: Enabled 2 GPEs in block 00 to 07
[    0.808761] ACPI: PCI Root Bridge [PCI0] (domain 0000 [bus 00-ff])
[    0.812010] acpi PNP0A03:00: _OSC: OS supports [ASPM ClockPM Segments MSI]
[    0.816058] acpi PNP0A03:00: _OSC: not requesting OS control; OS requires [ExtendedConfig ASPM ClockPM MSI]
[    0.820030] acpi PNP0A03:00: fail to add MMCONFIG information, can't access extended PCI configuration space under this bridge.
[    0.824410] PCI host bridge to bus 0000:00
[    0.828006] pci_bus 0000:00: root bus resource [io  0x0000-0x0cf7 window]
[    0.832014] pci_bus 0000:00: root bus resource [io  0x0d00-0xffff window]
[    0.836012] pci_bus 0000:00: root bus resource [mem 0x000a0000-0x000bffff window]
[    0.840012] pci_bus 0000:00: root bus resource [mem 0x40000000-0xfdffffff window]
[    0.844005] pci_bus 0000:00: root bus resource [bus 00-ff]
[    0.852757] pci 0000:00:01.1: legacy IDE quirk: reg 0x10: [io  0x01f0-0x01f7]
[    0.856007] pci 0000:00:01.1: legacy IDE quirk: reg 0x14: [io  0x03f6]
[    0.860004] pci 0000:00:01.1: legacy IDE quirk: reg 0x18: [io  0x0170-0x0177]
[    0.864009] pci 0000:00:01.1: legacy IDE quirk: reg 0x1c: [io  0x0376]
[    0.888686] pci 0000:00:07.0: quirk: [io  0x4000-0x403f] claimed by PIIX4 ACPI
[    0.892019] pci 0000:00:07.0: quirk: [io  0x4100-0x410f] claimed by PIIX4 SMB
[    0.901793] ACPI: PCI Interrupt Link [LNKA] (IRQs 5 9 10 *11)
[    0.904368] ACPI: PCI Interrupt Link [LNKB] (IRQs 5 9 *10 11)
[    0.912022] ACPI: PCI Interrupt Link [LNKC] (IRQs 5 *9 10 11)
[    0.916132] ACPI: PCI Interrupt Link [LNKD] (IRQs 5 9 10 *11)
[    0.920448] SCSI subsystem initialized
[    0.924062] pci 0000:00:02.0: vgaarb: setting as boot VGA device
[    0.928000] pci 0000:00:02.0: vgaarb: VGA device added: decodes=io+mem,owns=io+mem,locks=none
[    0.928011] pci 0000:00:02.0: vgaarb: bridge control possible
[    0.932004] vgaarb: loaded
[    0.936057] ACPI: bus type USB registered
[    0.940056] usbcore: registered new interface driver usbfs
[    0.944037] usbcore: registered new interface driver hub
[    0.948039] usbcore: registered new device driver usb
[    0.952114] EDAC MC: Ver: 3.0.0
[    0.956229] PCI: Using ACPI for IRQ routing
[    0.960287] NetLabel: Initializing
[    0.964006] NetLabel:  domain hash size = 128
[    0.968002] NetLabel:  protocols = UNLABELED CIPSOv4 CALIPSO
[    0.972026] NetLabel:  unlabeled traffic allowed by default
[    0.976096] clocksource: Switched to clocksource kvm-clock
[    1.004549] VFS: Disk quotas dquot_6.6.0
[    1.063496] VFS: Dqu-cache hah abe ntries: 512 (order 0, 4096 bytes)
  1.46] pAorAprmo Flest Ebl
  1.800]np: PnP ACPI init
[    2.105482] pnp: PnP ACPI: found 3 devices
[  2340]losoceacpi_pm: mask: 0xffffff x_ycs:0xffff, max_idle_ns: 20857002ns
  2.10299] NET: Registered protocol family 2
[    3.214653] TCP established hash table entries: 8192 (ode 4656 te)
[    3.655135] TCP bind hash table entries: 8192 (order: 5, 131072 bytes)
[  3149]CP Hash tables configured (established 8192 bind 8192)
  4.204648] UDP hash table entries: 512 (order: 2, 16384 bytes)
  4.45] P-it hash table tres51(oer: 2, 16384 bytes)
[  5142]NET: Registered protocol family 1
[  5741]ci00000. Litg rect PCI/PCI transfers[   90206] pci 0000:00:01.0: Activating ISA DMA hang workarounds
[    6.304695] pci 0000:00:02.0: Vio vi wh adedOMt emx0c000x00dffff]
[    7.044899] Unpacking initramfs...
[    7.487392] Freeing initrd memory: 19216K
[    7.630929] clocksource: tsc: mask: 0xffffffffffffffff max_cycles: 0x2b252da6e11, max_idle_ns: 440795218047 ns
[    7.993831] platform rtc_cmos: registered platform RTC device (no PNP device found)
[    8.016797] Scanning for low memory corruption every 60 seconds
[    8.047593] Initialise system trusted keyrings
[    8.060643] Key type blacklist registered
[    8.061460] workingset: timestamp_bits=36 max_order=18 bucket_order=0
[    8.181529] zbud: loaded
[    8.257909] squashfs: version 4.0 (2009/01/31) Phillip Lougher
[    8.395010] fuse init (API version 7.26)
[    8.514381] Key type asymmetric registered
[    8.533509] Asymmetric key parser 'x509' registered
[    8.616087] Block layer SCSI generic (bsg) driver version 0.4 loaded (major 246)
[    8.812140] io scheduler noop registered
[    8.927093] io scheduler deadline registered
[    9.038938] io scheduler cfq registered (default)
[    9.144366] ACPI: AC Adapter [AC] (on-iine)
[    9.343655] input: Power Button as /devices/LNXSYSTM:00/LNXPWRBN:00/input/input0
[   10.133881] ACPI: Power Button [PWRF]
[   10.223775] input: Sleep Button as /devices/LNXSYSTM:00/LNXSLPBN:00/input/input1
[   10.613723] ACPI: Sleep Button [SLPF]
[   11.003969] Serial: 8250/16550 driver, 32 ports, IRQ sharing enabled
[   11.286412] 00:02: ttyS0 at I/O 0x3f8 (irq = 4, base_baud = 115200) is a 16550A
[   11.855157] Linux agpgart interface v0.103
[   12.214837] loop: module loaded
[   12.324592] scsi host0: ata_piix
[   12.344273] scsi host1: ata_piix
[   12.373687] ata1: PATA max UDMA/33 cmd 0x1f0 ctl 0x3f6 bmdma 0xd000 irq 14
[   12.833691] ata2: PATA max UDMA/33 cmd 0x170 ctl 0x376 bmdma 0xd008 irq 15
[   13.434121] libphy: Fixed MDIO Bus: probed
[   13.463779] tun: Universal TUN/TAP device driver, 1.6
[   13.613463] PPP generic driver version 2.4.2
[   13.633671] ehci_hcd: USB 2.0 'Enhanced' Host Controller (EHCI) Driver
[   14.033750] ehci-pci: EHCI PCI platform driver
[   14.503765] ehci-platform: EHCI generic platform driver
[   14.553759] ohci_hcd: USB 1.1 'Open' Host Controller (OHCI) Driver
[   14.903771] ohci-pci: OHCI PCI platform driver
[   15.383728] ohci-platform: OHCI generic platform driver
[   15.613751] uhci_hcd: USB Universal Host Controller Interface driver
[   16.163977] i8042: PNP: PS/2 Controller [PNP0303:PS2K,PNP0f03:PS2M] at 0x60,0x64 irq 1,12
[   16.294488] serio: i8042 KBD port at 0x60,0x64 irq 1
[   16.503812] serio: i8042 AUX port at 0x60,0x64 irq 12
[   16.704015] mousedev: PS/2 mouse device common for all mice
[   17.174207] input: AT Translated Set 2 keyboard as /devices/platform/i8042/serio0/input/input2
[   17.503866] rtc_cmos rtc_cmos: rtc core: registered rtc_cmos as rtc0
[   17.776600] rtc_cmos rtc_cmos: alarms up to one day, 114 bytes nvram
[   17.809585] i2c /dev entries driver
[   17.872290] device-mapper: uevent: version 1.0.3
[   17.953513] device-mapper: ioctl: 4.37.0-ioctl (2017-09-20) initialised: dm-devel@redhat.com
[   18.209290] ledtrig-cpu: registered to indicate activity on CPUs
[   18.300900] NET: Registered protocol family 10
[   18.439909] Segment Routing with IPv6
[   18.483865] NET: Registered protocol family 17
[   18.601652] Key type dns_resolver registered
[   18.726197] mce: Using 0 MCE banks
[   18.813465] RAS: Correctable Errors collector initialized.
[   18.814430] sched_clock: Marking stable (18813414703, 0)->(44957616098, -26144201395)
[   18.830048] registered taskstats version 1
[   18.837253] Loading compiled-in X.509 certificates
[   18.875457] Loaded X.509 cert 'Build time autogenerated kernel key: be62403dcace2d46f96dafa9f42421c610ef3c2a'
[   18.909400] zswap: loaded using pool lzo/zbud
[   18.940254] Key type big_key registered
[   19.051074] Key type trusted registered
[   19.077005] Key type encrypted registered
[   19.202525] AppArmor: AppArmor sha1 policy hashing enabled
[   19.260322] ima: No TPM chip found, activating TPM-bypass! (rc=-19)
[   19.452576] ima: Allocated hash algorithm: sha1
[   19.591908] evm: HMAC attrs: 0x1
[   19.680922]   Magic number: 0:278:86
[   19.734212] rtc_cmos rtc_cmos: setting system clock to 2020-12-27 16:03:38 UTC (1609085018)
[   19.916765] BIOS EDD facility v0.16 2004-Jun-25, 0 devices found
[   19.946091] EDD information not available.
[   19.967733] Freeing unused kernel image memory: 2436K
[   20.092160] Write protecting the kernel read-only data: 20480k
[   20.277005] Freeing unused kernel image memory: 2008K
[   20.544250] Freeing unused kernel image memory: 1872K
[   21.042031] x86/mm: Checked W+X mappings: passed, no W+X pages found.
[   21.574030] x86/mm: Checking user space page tables
[   21.840588] x86/mm: Checked W+X mappings: passed, no W+X pages found.
Loading, please wait...
starting version 237
[   22.188411] Fusion MPT base driver 3.04.20
[   22.353872] Copyright (c) 1999-2008 LSI Corporation
[   22.516598] e1000: Intel(R) PRO/1000 Network Driver - version 7.3.21-k8-NAPI
[   22.783974] e1000: Copyright (c) 1999-2006 Intel Corporation.
[   22.785215] input: ImExPS/2 Generic Explorer Mouse as /devices/platform/i8042/serio1/input/input4
[   23.261212] AVX version of gcm_enc/dec engaged.
[   23.264297] AES CTR mode by8 optimization enabled
[   23.417209] Fusion MPT SPI Host driver 3.04.20
[   24.028438] e1000 0000:00:03.0 eth0: (PCI:33MHz:32-bit) 02:60:71:1d:34:36
[   24.314152] e1000 0000:00:03.0 eth0: Intel(R) PRO/1000 Network Connection
[   25.267029] mptbase: ioc0: Initiating bringup
[   25.267206] e1000 0000:00:03.0 enp0s3: renamed from eth0
[   25.660425] ioc0: LSI53C1030 A0: Capabilities={Initiator}
[   26.474537] scsi host2: ioc0: LSI53C1030 A0, FwRev=00000000h, Ports=1, MaxQ=256, IRQ=20
[   26.700810] scsi 2:0:0:0: Direct-Access     VBOX     HARDDISK         1.0  PQ: 0 ANSI: 5
[   26.990362] scsi target2:0:0: Beginning Domain Validation
[   27.185308] scsi target2:0:0: Domain Validation skipping write tests
[   27.474061] scsi target2:0:0: Ending Domain Validation
[   27.545738] scsi target2:0:0: asynchronous
[   28.124745] scsi 2:0:1:0: Direct-Access     VBOX     HARDDISK         1.0  PQ: 0 ANSI: 5
[   29.023957] scsi target2:0:1: Beginning Domain Validation
[   29.278532] random: fast init done
[   29.525448] scsi target2:0:1: Domain Validation skipping write tests
[   30.095193] scsi target2:0:1: Ending Domain Validation
[   30.628036] scsi target2:0:1: asynchronous
[   30.818092] random: systemd-udevd: uninitialized urandom read (16 bytes read)
[   30.818256] sd 2:0:0:0: [sda] 20971520 512-byte logical blocks: (10.7 GB/10.0 GiB)
[   30.949520] random: systemd-udevd: uninitialized urandom read (16 bytes read)
[   31.514124] sd 2:0:0:0: [sda] Write Protect is off
[   31.694254] sd 2:0:0:0: Attached scsi generic sg0 type 0
[   31.864639] sd 2:0:1:0: Attached scsi generic sg1 type 0
[   31.864731] sd 2:0:0:0: [sda] Incomplete mode parameter data
[   31.954308] random: systemd-udevd: uninitialized urandom read (16 bytes read)
[   31.954421] random: systemd-udevd: uninitialized urandom read (16 bytes read)
[   32.121755] sd 2:0:0:0: [sda] Assuming drive cache: write through
[   32.122105] sd 2:0:1:0: [sdb] 20480 512-byte logical blocks: (10.5 MB/10.0 MiB)
[   32.254237] random: systemd-udevd: uninitialized urandom read (16 bytes read)
[   32.304685] sd 2:0:1:0: [sdb] Write Protect is off
[   32.922655] sd 2:0:1:0: [sdb] Incomplete mode parameter data
[   32.973875] sd 2:0:1:0: [sdb] Assuming drive cache: write through
[   33.039795]  sda: sda1
[   33.066545] sd 2:0:1:0: [sdb] Attached SCSI disk
[   33.153014] sd 2:0:0:0: [sda] Attached SCSI disk
Begin: Loading essential drivers ... [   35.164043] raid6: sse2x1   gen()  8703 MB/s
[   35.220030] raid6: sse2x1   xor()  6221 MB/s
[   35.316028] raid6: sse2x2   gen() 11086 MB/s
[   35.440027] raid6: sse2x2   xor()  7480 MB/s
[   35.608029] raid6: sse2x4   gen() 13235 MB/s
[   35.776025] raid6: sse2x4   xor()  8777 MB/s
[   35.865973] raid6: using algorithm sse2x4 gen() 13235 MB/s
[   35.968330] raid6: .... xor() 8777 MB/s, rmw enabled
[   36.114596] raid6: using ssse3x2 recovery algorithm
[   36.226297] xor: automatically using best checksumming function   avx       
[   36.406054] async_tx: api initialized (async)
done.
Begin: Running /scripts/init-premount ... done.
Begin: Mounting root file system ... Begin: R[   36.923064] Btrfs loaded, crc32c=crc32c-intel
unning /scripts/local-top ... done.
Begin: Running /scripts/local-premount ... Scanning for Btrfs filesystems
[   37.380357] EXT4-fs (sda1): mounted filesystem with ordered data mode. Opts: (null)
done.
Warning: fsck not present, so skipping root file system
done.
Begin: Running /scripts/local-bottom ... done.
Begin: Running /scripts/init-bottom ... done.
[   38.160094] ip_tables: (C) 2000-2006 Netfilter Core Team
[   38.648533] systemd[1]: systemd 237 running in system mode. (+PAM +AUDIT +SELINUX +IMA +APPARMOR +SMACK +SYSVINIT +UTMP +LIBCRYPTSETUP +GCRYPT +GNUTLS +ACL +XZ +LZ4 +SECCOMP +BLKID +ELFUTILS +KMOD -IDN2 +IDN -PCRE2 default-hierarchy=hybrid)
[   40.105039] systemd[1]: Detected virtualization oracle.
[   40.344383] systemd[1]: Detected architecture x86-64.

Welcome to [1mUbuntu 18.04.5 LTS[0m!

[   41.195197] systemd[1]: Set hostname to <ubuntu>.
[   41.404898] systemd[1]: Initializing machine ID from random generator.
[   42.245599] systemd[1]: Installed transient /etc/machine-id file.
[   43.266210] random: crng init done
[   43.384398] random: 5 urandom warning(s) missed due to ratelimiting
[   44.539259] systemd[1]: Set up automount Arbitrary Executable File Formats File System Automount Point.
[[0;32m  OK  [0m] Set up automount Arbitrary Executab…rmats File System Automount Point.
[   46.026861] systemd[1]: Reached target Swap.
[[0;32m  OK  [0m] Reached target Swap.
[   46.244462] systemd[1]: Reached target System Time Synchronized.
[[0;32m  OK  [0m] Reached target System Time Synchronized.
[   47.110261] systemd[1]: Started Forward Password Requests to Wall Directory Watch.
[[0;32m  OK  [0m] Started Forward Password Requests to Wall Directory Watch.
[   47.196254] systemd[1]: Reached target User and Group Name Lookups.
[[0;32m  OK  [0m] Reached target User and Group Name Lookups.
[   48.190192] systemd[1]: Created slice System Slice.
[[0;32m  OK  [0m] Created slice System Slice.
[   48.327272] systemd[1]: Listening on Syslog Socket.
[[0;32m  OK  [0m] Listening on Syslog Socket.
[   48.532961] systemd[1]: Listening on udev Kernel Socket.
[[0;32m  OK  [0m] Listening on udev Kernel Socket.
[   49.288391] systemd[1]: Listening on /dev/initctl Compatibility Named Pipe.
[[0;32m  OK  [0m] Listening on /dev/initctl Compatibility Named Pipe.
[   49.376275] systemd[1]: Listening on LVM2 poll daemon socket.
[[0;32m  OK  [0m] Listening on LVM2 poll daemon socket.
[[0;32m  OK  [0m] Listening on LVM2 metadata daemon socket.
[[0;32m  OK  [0m] Listening on Journal Socket (/dev/log).
[[0;32m  OK  [0m] Listening on Network Service Netlink Socket.
[[0;32m  OK  [0m] Listening on Journal Socket.
         Starting Uncomplicated firewall...
         Mounting POSIX Message Queue File System...
[   49.556496] systemd[1]: Listening on udev Control Socket.
[[0;32m  OK  [0m] Listening on udev Control Socket.
[   49.989937] systemd[1]: Starting udev Coldplug all Devices...
         Starting udev Coldplug all Devices...
[   50.407774] systemd[1]: Mounting Kernel Debug File System...
         Mounting Kernel Debug File System...
[   50.580422] systemd[1]: Listening on Device-mapper event daemon FIFOs.
[[0;32m  OK  [0m] Listening on Device-mapper event daemon FIFOs.
[   51.315263] systemd[1]: Starting Remount Root and Kernel File Systems...
         Starting Remount[   51.333712] EXT4-fs (sda1): re-mounted. Opts: (null)
 Root and Kernel File Systems...
[   51.467030] systemd[1]: Starting Set the console keyboard layout...
         Starting Set the console keyboard layout...
[   51.707991] systemd[1]: Starting Monitoring of LVM2 mirrors, snapshots etc. using dmeventd or progress polling...
         Starting Monitoring of LVM2 mirrors…ng dmeventd or progress polling...
[   52.596511] systemd[1]: Created slice system-serial\x2dgetty.slice.
[[0;32m  OK  [0m] Created slice system-serial\x2dgetty.slice.
[   52.754010] systemd[1]: Starting Load Kernel Modules...
         Starting Load Kernel Modules...
[   52.954107] systemd[1]: Starting Create list of required static device nodes for the current kernel...
[   53.320518] Loading iSCSI transport class v2.0-870.
         Starting Create list of required st…ce nodes for the current kernel...
[[0;32m  OK  [[   53.670729] iscsi: registered transport (tcp)
0m] Listening on Journal Audit Socket.
         Starting Journal Service...
[   54.205035] iscsi: registered transport (iser)
         Mounting Huge Pages File System...
[[0;32m  OK  [0m] Created slice User and Session Slice.
[[0;32m  OK  [0m] Reached target Slices.
[[0;32m  OK  [0m] Started Uncomplicated firewall.
[[0;32m  OK  [0m] Started Journal Service.
[[0;32m  OK  [0m] Mounted POSIX Message Queue File System.
[[0;32m  OK  [0m] Mounted Kernel Debug File System.
[[0;32m  OK  [0m] Started Remount Root and Kernel File Systems.
[[0;32m  OK  [0m] Started Load Kernel Modules.
[[0;32m  OK  [0m] Started Create list of required sta…vice nodes for the current kernel.
[[0;32m  OK  [0m] Mounted Huge Pages File System.
[[0;32m  OK  [0m] Started udev Coldplug all Devices.
[[0;32m  OK  [0m] Started LVM2 metadata daemon.
         Starting Create Static Device Nodes in /dev...
         Mounting FUSE Control File System...
         Starting Apply Kernel Variables...
         Mounting Kernel Configuration File System...
         Starting Load/Save Random Seed...
         Starting Flush Journal to Persistent Storage...
[[0;32m  OK  [0m] Started Monitoring of LVM2 mirrors,…sing dmeventd or progress polling.
[[0;32m  OK  [0m] Mounted FUSE Control File System.
[[0;32m  OK  [0m] Started Apply Kernel Variables.
[[0;32m  OK  [0m] Mounted Kernel Configuration File System.
[[0;32m  OK  [0m] Started Load/Save Random Seed.
[[0;32m  OK  [0m] Started Create Static Device Nodes in /dev.
         Starting udev Kernel Device Manager...
[[0;32m  OK  [0m] Started udev Kernel Device Manager.
[[0;32m  OK  [0m] Started Flush Journal to Persistent Storage.
[[0;32m  OK  [0m] Found device /dev/ttyS0.
[[0;32m  OK  [0m] Listening on Load/Save RF Kill Switch Status /dev/rfkill Watch.
[[0;32m  OK  [0m] Started Set the console keyboard layout.
[[0;32m  OK  [0m] Reached target Local File Systems (Pre).
[[0;32m  OK  [0m] Reached target Local File Systems.
         Starting ebtables ruleset management...
         Starting AppArmor initialization...
         Starting Tell Plymouth To Write Out Runtime Data...
         Starting Set console font and keymap...
         Starting Commit a transient machine-id on disk...
         Starting Create Volatile Files and Directories...
[[0;32m  OK  [0m] Started Dispatch Password Requests to Console Directory Watch.
[[0;32m  OK  [0m] Reached target Local Encrypted Volumes.
[[0;32m  OK  [0m] Started Tell Plymouth To Write Out Runtime Data.
[[0;32m  OK  [0m] Started Set console font and keymap.
[[0;32m  OK  [0m] Started Create Volatile Files and Directories.
         Starting Update UTMP about System Boot/Shutdown...
[[0;32m  OK  [0m] Started Update UTMP about System Boot/Shutdown.
[[0;32m  OK  [0m] Started Commit a transient machine-id on disk.
[[0;32m  OK  [0m] Started ebtables ruleset management.
[[0;32m  OK  [0m] Started AppArmor initialization.
         Starting Load AppArmor profiles managed internally by snapd...
         Starting Initial cloud-init job (pre-networking)...
[[0;32m  OK  [0m] Started Load AppArmor profiles managed internally by snapd.
[   60.857048] cloud-init[611]: Cloud-init v. 20.3-2-g371b392c-0ubuntu1~18.04.1 running 'init-local' at Sun, 27 Dec 2020 16:04:18 +0000. Up 60.13 seconds.
[[0;32m  OK  [0m] Started Initial cloud-init job (pre-networking).
[[0;32m  OK  [0m] Reached target Network (Pre).
         Starting Network Service...
[[0;32m  OK  [0m] Started Network Service.
         Starting Wait for Network to be Configured...
         Starting Network Name Resolution...
[[0;32m  OK  [0m] Started Network Name Resolution.
[[0;32m  OK  [0m] Reached target Network.
[[0;32m  OK  [0m] Reached target Host and Network Name Lookups.
[[0;32m  OK  [0m] Started Wait for Network to be Configured.
         Starting Initial cloud-init job (metadata service crawler)...
[   63.491135] cloud-init[730]: Cloud-init v. 20.3-2-g371b392c-0ubuntu1~18.04.1 running 'init' at Sun, 27 Dec 2020 16:04:22 +0000. Up 63.29 seconds.
[   63.556349] cloud-init[730]: ci-info: ++++++++++++++++++++++++++++++++++++++Net device info++++++++++++++++++++++++++++++++++++++
[   63.566186] cloud-init[730]: ci-info: +--------+------+----------------------------+---------------+--------+-------------------+
[   63.606460] cloud-init[730]: ci-info: | Device |  Up  |          Address           |      Mask     | Scope  |     Hw-Address    |
[   63.660256] cloud-init[730]: ci-info: +--------+------+----------------------------+---------------+--------+-------------------+
[   63.678475] cloud-init[730]: ci-info: | enp0s3 | True |         10.0.2.15          | 255.255.255.0 | global | 02:60:71:1d:34:36 |
[   63.744307] cloud-init[730]: ci-info: | enp0s3 | True | fe80::60:71ff:fe1d:3436/64 |       .       |  link  | 02:60:71:1d:34:36 |
[   63.796416] cloud-init[730]: ci-info: |   lo   | True |         127.0.0.1          |   255.0.0.0   |  host  |         .         |
[   63.844904] cloud-init[730]: ci-info: |   lo   | True |          ::1/128           |       .       |  host  |         .         |
[   63.892568] cloud-init[730]: ci-info: +--------+------+----------------------------+---------------+--------+-------------------+
[   63.911332] cloud-init[730]: ci-info: ++++++++++++++++++++++++++++Route IPv4 info+++++++++++++++++++++++++++++
[   63.926101] cloud-init[730]: ci-info: +-------+-------------+----------+-----------------+-----------+-------+
[   63.962080] cloud-init[730]: ci-info: | Route | Destination | Gateway  |     Genmask     | Interface | Flags |
[   64.004520] cloud-init[730]: ci-info: +-------+-------------+----------+-----------------+-----------+-------+
[   64.026084] cloud-init[730]: ci-info: |   0   |   0.0.0.0   | 10.0.2.2 |     0.0.0.0     |   enp0s3  |   UG  |
[   64.064247] cloud-init[730]: ci-info: |   1   |   10.0.2.0  | 0.0.0.0  |  255.255.255.0  |   enp0s3  |   U   |
[   64.084283] cloud-init[730]: ci-info: |   2   |   10.0.2.2  | 0.0.0.0  | 255.255.255.255 |   enp0s3  |   UH  |
[   64.098557] cloud-init[730]: ci-info: +-------+-------------+----------+-----------------+-----------+-------+
[   64.112356] cloud-init[730]: ci-info: +++++++++++++++++++Route IPv6 info+++++++++++++++++++
[   64.160710] cloud-init[730]: ci-info: +-------+-------------+---------+-----------+-------+
[   64.165981] cloud-init[730]: ci-info: | Route | Destination | Gateway | Interface | Flags |
[   64.168578] cloud-init[730]: ci-info: +-------+-------------+---------+-----------+-------+
[   64.181929] cloud-init[730]: ci-info: |   1   |  fe80::/64  |    ::   |   enp0s3  |   U   |
[   64.196545] cloud-init[730]: ci-info: |   3   |    local    |    ::   |   enp0s3  |   U   |
[   64.238276] cloud-init[730]: ci-info: |   4   |   ff00::/8  |    ::   |   enp0s3  |   U   |
[   64.255612] cloud-init[730]: ci-info: +-------+-------------+---------+-----------+-------+
[   65.211147] cloud-init[730]: Generating public/private rsa key pair.
[   65.225247] cloud-init[730]: Your identification has been saved in /etc/ssh/ssh_host_rsa_key.
[   65.234240] cloud-init[730]: Your public key has been saved in /etc/ssh/ssh_host_rsa_key.pub.
[[0;32m  OK  [0m] Started Initial cloud-init job (metadata service crawler).
[   65.280934] cloud-init[[0;32m  OK  [0m] Reached target Network is Online.
[730]: The key fingerprint is:
         Starting Availability of block devices...
[[0;32m  OK  [0m] Reached target Remote File Systems (Pre).
[[0;32m  OK  [0m] Reached target Remote File Systems.
[   65.322518] cloud-init[730]: SHA256:d8zUGdF098kFvZWgXSSrzeTuyHewzkMagKYtnG+pzeo root@ubuntu-bionic
[[0;32m  OK  [0m] Reached target Cloud-config availability.
[   65.377701] [cloud-init[0;32m  OK  [0m[730]: ] The key's randomart image is:Reached target System Initialization.

         Starting Socket activation for snappy daemon.
[   65.403873] cloud-init[730]: +---[RSA 2048]----+
[[0;32m  OK  [0m] Started Message of the Day.
[   65.444873] [cloud-init[0;32m  OK  [0m[730]: ] |             o*O*|Listening on Open-iSCSI iscsid Socket.

[[0;32m  OK  [0m] Listening on UUID daemon activation socket.
[   65.472477] [cloud-init[0;32m  OK  [0m[730]: ] |            o.=+X|Listening on ACPID Listen Socket.

[[0;32m  OK  [0m] Started Daily Cleanup of Temporary Directories.
[   65.520610] [cloud-init[0;32m  OK  [0m[730]: ] |        .  ..+oo+|Started Discard unused blocks once a week.

[[0;32m  OK  [0m] Listening on D-Bus System Message Bus Socket.
[   65.564778] cloud-init[730]: |       o . +*  . |
[[0;32m  OK  [0m] Started ACPI Events Check.
[   65.619835] [[0;32m  OK  [0m] Reached target Paths.
[[0;32m  OK  [0m] Started Daily apt download activities.
cloud-init[730]: |    . = S o.++   |
[[0;32m  OK  [0m] Started Daily apt upgrade and clean activities.
[   65.672870] [[0;32m  OK  [0m] Reached target Timers.
cloud-init[730]: |     = . . o.o   |
         Starting LXD - unix socket.
[   65.723445] cloud-init[730]: |      o .   +.o  |[[0;32m  OK  [0m] Started Availability of block devices.

[[0;32m  OK  [0m] Listening on Socket activation for snappy daemon.
[   65.755457] [cloud-init[0;32m  OK  [0m[730]: ] |      o+  ..++ . |Listening on LXD - unix socket.

[[0;32m  OK  [0m] Reached target Sockets.
[[0;32m  OK  [0m] Reached target Basic System.
[   65.804825] cloud-init[730]: |    .E+o   oo+o  |
[[0;32m  OK  [0m] Started Deferred execution scheduler.
[   65.874970] cloud-init[730]: +----[SHA256]-----+
         Starting Pollinate to seed the pseudo random number generator...
[   65.919642] cloud-init[730]: Generating public/private dsa key pair.
         Starting LSB: automatic crash report generation...
[   65.963192] cloud-init[730]: Your identification has been saved in /etc/ssh/ssh_host_dsa_key.
[[0;32m  OK  [0m] Started Regular background program processing daemon.
[   66.036611] cloud-init[730]: Your public key has been saved in /etc/ssh/ssh_host_dsa_key.pub.
         Starting LSB: Record successful boot for GRUB...
[   66.112757] cloud-init[730]: The key fingerprint is:
         Starting Virtualbox guest utils...
[   66.139072] cloud-init[730]: SHA256:xWfaH+jPvcMW9Zllvz/QrvdaESh41iJFJhjhl14/Cow root@ubuntu-bionic
[[0;32m  OK  [0m] Started D-Bus System Message Bus.
[   66.216592] cloud-init[730]: The key's randomart image is:
[   66.260278] cloud-init[730]: +---[DSA 1024]----+
[   66.288190] cloud-init[730]: |       o+..+     |
[   66.320240] cloud-init[730]: |      .. .* . .  |
[   66.327827] cloud-init[730]: |       . =o*oo . |
[   66.329830] cloud-init[730]: |        =.==+.  =|
[   66.336161] cloud-init[730]: |       ES+. ooooB|
[   66.337463] cloud-init[730]: |          ...o.*+|
[   66.368474]          cloud-initStarting System Logging Service...[730]: 
|           .. = +|
         Starting Login Service...
[   66.389192] cloud-init[730]: |             o @ |
[   66.428241] cloud-init[730]: |             .BoX|
[   66.432441] cloud-init[730]: +----[SHA256]-----+
[   66.435625] cloud-init[730]: Generating public/private ecdsa key pair.
[   66.455485] cloud-init[730]: Your identification has been saved in /etc/ssh/ssh_host_ecdsa_key.
[   66.470456] cloud-init[730]: Your public key has been saved in /etc/ssh/ssh_host_ecdsa_key.pub.
[   66.500282] cloud-init[730]: The key fingerprint is:
[[0;32m  OK  [0m] Started irqbalance daemon.
[   66.524451] cloud-init[730]: SHA256:AnJVsDIhsp5YiwdCO8ofrn4+yosXley4BkDx3jRkJJE root@ubuntu-bionic
[   66.548193] cloud-init[730]: The key's randomart image is:
[   66.557914] cloud-init[730]: +---[ECDSA 256]---+
[   66.564645] cloud-init[730]: |.ooo=+oo.        |
[   66.565383] cloud-init[730]: |.+oE+o .         |
         Starting Dispatcher daemon for systemd-networkd...
[   66.617158] cloud-init[730]: |=ooo=+.          |
[[0;32m  OK  [0m] Started FUSE filesystem for LXC.
[   66.655951] cloud-init[730]: |B+++*+.          |
         Starting Permit User Sessions...
[   66.708542] cloud-init[730]: |=+o* .. S        |
         Starting Accounts Service...
[   66.740533] cloud-init[730]: |..= o  .         |
         Starting LXD - container startup/shutdown...
[   66.797217] cloud-init[730]: | . =             |
[   66.840535] cloud-init[730]: |o =o             |
[   66.844729] cloud-init[730]: |oO=..            |
[   66.860253] cloud-init[730]: +----[SHA256]-----+
[   66.874348] cloud-init[730]: Generating public/private ed25519 key pair.
[   66.883502] cloud-init[730]: Your identification has been saved in /etc/ssh/ssh_host_ed25519_key.
[   66.896074] cloud-init[730]: Your public key has been saved in /etc/ssh/ssh_host_ed25519_key.pub.
         Starting Snap Daemon...
[   66.965242] cloud-init[730]: The key fingerprint is:
[[0;32m  OK  [0m] Started System Logging Service.
[   67.004902] cloud-init[730]: SHA256:4YYzA67Kp/oCKHBCX/L6S+TaRzHc/OJDDCUvgd5eh84 root@ubuntu-bionic
[[0;32m  OK  [0m] Started Permit User Sessions.
[   67.031259] cloud-init[730]: The key's randomart image is:
[   67.045353] cloud-init[730]: +--[ED25519 256]--+
[[0;32m  OK  [0m] Started Login Service.
[   67.063995] cloud-init[730]: |      .          |
[   67.092276] cloud-init[730]: | . . o o .       |
[   67.093697] cloud-init[730]: |. . * o O .      |
[   67.095167] cloud-init[730]: |o .o + X B .     |
[   67.116350] cloud-init[730]: |oo  o.* S o      |
[   67.140352] cloud-init[730]: |+  oo  B E .     |
[   67.146811] cloud-init[730]: |o . .o. o .      |
[   67.193916] cloud-init[730]: |o. .+. . o       |
[   67.225252] cloud-init[730]: |+=+. oo   .      |
[   67.256396] cloud-init[730]: +----[SHA256]-----+
         Starting Authorization Manager...
[[0;32m  OK  [0m] Started Unattended Upgrades Shutdown.
         Starting Terminate Plymouth Boot Screen...
         Starting Hold until boot process finishes up...
[[0;32m  OK  [0m] Started Terminate Plymouth Boot Screen.
[[0;32m  OK  [0m] Started LSB: automatic crash report generation.
[[0;32m  OK  [0m] Started Hold until boot process finishes up.
         Starting Set console scheme...
[[0;32m  OK  [0m] Started Serial Getty on ttyS0.
[[0;32m  OK  [0m] Started Set console scheme.
[[0;32m  OK  [0m] Started LSB: Record successful boot for GRUB.
[[0;32m  OK  [0m] Created slice system-getty.slice.
[[0;32m  OK  [0m] Started Getty on tty1.
[[0;32m  OK  [0m] Reached target Login Prompts.
[[0;32m  OK  [0m] Started Authorization Manager.
[[0;32m  OK  [0m] Started Accounts Service.
[[0;32m  OK  [0m] Started Virtualbox guest utils.
[[0;32m  OK  [0m] Started Dispatcher daemon for systemd-networkd.
[[0;32m  OK  [0m] Started LXD - container startup/shutdown.
[[0;32m  OK  [0m] Started Snap Daemon.
         Starting Wait until snapd is fully seeded...
[[0;32m  OK  [0m] Started Pollinate to seed the pseudo random number generator.
         Starting OpenBSD Secure Shell server...
[[0;32m  OK  [0m] Started OpenBSD Secure Shell server.
[[0;32m  OK  [0m] Created slice User Slice of vagrant.
         Starting User Manager for UID 1000...
[[0;32m  OK  [0m] Started Session 1 of user vagrant.
[[0;32m  OK  [0m] Started User Manager for UID 1000.

Ubuntu 18.04.5 LTS ubuntu-bionic ttyS0

ubuntu-bionic login: [   97.327279] cloud-init[2316]: Cloud-init v. 20.3-2-g371b392c-0ubuntu1~18.04.1 running 'modules:config' at Sun, 27 Dec 2020 16:04:55 +0000. Up 96.36 seconds.
ci-info: no authorized SSH keys fingerprints found for user ubuntu.
<14>Dec 27 16:04:56 ec2: 
<14>Dec 27 16:04:56 ec2: #############################################################
<14>Dec 27 16:04:56 ec2: -----BEGIN SSH HOST KEY FINGERPRINTS-----
<14>Dec 27 16:04:56 ec2: 1024 SHA256:xWfaH+jPvcMW9Zllvz/QrvdaESh41iJFJhjhl14/Cow root@ubuntu-bionic (DSA)
<14>Dec 27 16:04:56 ec2: 256 SHA256:AnJVsDIhsp5YiwdCO8ofrn4+yosXley4BkDx3jRkJJE root@ubuntu-bionic (ECDSA)
<14>Dec 27 16:04:56 ec2: 256 SHA256:4YYzA67Kp/oCKHBCX/L6S+TaRzHc/OJDDCUvgd5eh84 root@ubuntu-bionic (ED25519)
<14>Dec 27 16:04:56 ec2: 2048 SHA256:d8zUGdF098kFvZWgXSSrzeTuyHewzkMagKYtnG+pzeo root@ubuntu-bionic (RSA)
<14>Dec 27 16:04:56 ec2: -----END SSH HOST KEY FINGERPRINTS-----
<14>Dec 27 16:04:56 ec2: #############################################################
-----BEGIN SSH HOST KEY KEYS-----
ecdsa-sha2-nistp256 AAAAE2VjZHNhLXNoYTItbmlzdHAyNTYAAAAIbmlzdHAyNTYAAABBBB25qaq/vYBRssqKoWyKdO9YI+I84gaoMr1FTePIT3U/O9RrQRMaOZMjANMzVBBX2XjbM6yPFfof2zmESZ/UXNE= root@ubuntu-bionic
ssh-ed25519 AAAAC3NzaC1lZDI1NTE5AAAAIDrkxfCbtlsko1o4xHP3wS2aO/sj4GcBNG5GNWWIBRL9 root@ubuntu-bionic
ssh-rsa AAAAB3NzaC1yc2EAAAADAQABAAABAQCpjq1Q/UhtzvYDBWgHO+unQDSMe2lNqVUzug93ovTtZ9/0Qqdiuxp5rAvuigYBkDqIBAehnPDCkq5YTIgaGmeWJbWDvoVZfcvAbMvsJEdKLOttWTNGprKWBBunaZUWHwPcG63O2Jx/9ln21ctmm8eRa6anHhuOyD2o87G1Sg3tof2QhJ5DxkEOHTwnFq5IG69DC4YJoCaXhhXAlWQ+F0bBFVvxJr3SaNM9vBztQArhTQGl5VXGb7UchSnGtsEVOrkQQdq74tSSPPUcZkbs02pH907kWUdITGbaZPHLIlN8nSwn/+TeCa17fBPS1gY0IY7xRmpGVj99jwMQZG5v8Xi9 root@ubuntu-bionic
-----END SSH HOST KEY KEYS-----
[   98.078595] cloud-init[2371]: Cloud-init v. 20.3-2-g371b392c-0ubuntu1~18.04.1 running 'modules:final' at Sun, 27 Dec 2020 16:04:56 +0000. Up 97.81 seconds.
[   98.078721] cloud-init[2371]: ci-info: no authorized SSH keys fingerprints found for user ubuntu.
[   98.078788] cloud-init[2371]: Cloud-init v. 20.3-2-g371b392c-0ubuntu1~18.04.1 finished at Sun, 27 Dec 2020 16:04:56 +0000. Datasource DataSourceNoCloud [seed=/dev/sdb][dsmode=net].  Up 98.06 seconds
